<?xml version="1.0" encoding="UTF-8"?>
<robot generator="Robot 5.0.1 (Python 3.9.13 on win32)" generated="20230602 15:50:57.916" rpa="true" schemaversion="3">
<suite id="s1" name="Tasks" source="e:\maa_code\RPA\certificat_niveau_2\tasks.robot">
<test id="s1-t1" name="Order robots from RobotSpareBin Industries Inc" line="86">
<kw name="Open the robot order website">
<kw name="Open Available Browser" library="RPA.Browser.Selenium">
<arg>${url}</arg>
<doc>Attempts to open a browser on the user's device from a set of
supported browsers. Automatically downloads a corresponding webdriver
if none is already installed.</doc>
<msg timestamp="20230602 15:51:04.394" level="INFO">Creating an instance of the Chrome WebDriver.</msg>
<msg timestamp="20230602 15:51:04.426" level="INFO">Applicable driver not found; attempting to install with Selenium Manager (Beta)</msg>
<msg timestamp="20230602 15:51:07.860" level="INFO">Created Chrome browser with arguments: --disable-dev-shm-usage --disable-web-security --allow-running-insecure-content --no-sandbox</msg>
<msg timestamp="20230602 15:51:07.861" level="INFO" html="true">&lt;p&gt;Attempted combinations:&lt;/p&gt;&lt;div class="doc"&gt;&lt;table&gt;&lt;tr&gt;&lt;th&gt;Browser&lt;/th&gt;&lt;th&gt;Download&lt;/th&gt;&lt;th&gt;Error&lt;/th&gt;&lt;/tr&gt;&lt;tr&gt;&lt;td&gt;Chrome&lt;/td&gt;&lt;td&gt;False&lt;/td&gt;&lt;td&gt;&lt;/td&gt;&lt;/tr&gt;&lt;/table&gt;&lt;/div&gt;</msg>
<msg timestamp="20230602 15:51:07.861" level="INFO">Opening url 'https://robotsparebinindustries.com/#/robot-order'</msg>
<status status="PASS" starttime="20230602 15:51:04.390" endtime="20230602 15:51:22.399"/>
</kw>
<kw name="Maximize Browser Window" library="RPA.Browser.Selenium">
<doc>Maximizes current browser window.</doc>
<status status="PASS" starttime="20230602 15:51:22.400" endtime="20230602 15:51:22.529"/>
</kw>
<status status="PASS" starttime="20230602 15:51:04.389" endtime="20230602 15:51:22.530"/>
</kw>
<kw name="Get orders">
<var>@{list_orders}</var>
<kw name="Download" library="RPA.HTTP">
<arg>${file}</arg>
<arg>overwrite=true</arg>
<doc>An alias for the ``HTTP Get`` keyword.</doc>
<msg timestamp="20230602 15:51:22.532" level="INFO">Creating a new HTTP session</msg>
<msg timestamp="20230602 15:51:22.533" level="INFO">Creating Session using : alias=rpasession_alias.httpsrobotsparebinindustries.com, url=https://robotsparebinindustries.com, headers={},                     cookies={}, auth=None, timeout=None, proxies=None, verify=True,                     debug=0 </msg>
<status status="PASS" starttime="20230602 15:51:22.532" endtime="20230602 15:51:23.473"/>
</kw>
<kw name="Read table from CSV" library="RPA.Tables">
<var>@{list_orders}</var>
<arg>orders.csv</arg>
<doc>Read a CSV file as a table.</doc>
<msg timestamp="20230602 15:51:23.482" level="INFO">@{list_orders} = [ {'Order number': '1', 'Head': '1', 'Body': '2', 'Legs': '3', 'Address': 'Address 123'} | {'Order number': '2', 'Head': '4', 'Body': '1', 'Legs': '5', 'Address': 'Address 456'} | {'Order number': '3'...</msg>
<status status="PASS" starttime="20230602 15:51:23.474" endtime="20230602 15:51:23.482"/>
</kw>
<msg timestamp="20230602 15:51:23.483" level="INFO">@{list_orders} = [ {'Order number': '1', 'Head': '1', 'Body': '2', 'Legs': '3', 'Address': 'Address 123'} | {'Order number': '2', 'Head': '4', 'Body': '1', 'Legs': '5', 'Address': 'Address 456'} | {'Order number': '3'...</msg>
<status status="PASS" starttime="20230602 15:51:22.531" endtime="20230602 15:51:23.485"/>
</kw>
<for flavor="IN">
<var>${order}</var>
<value>@{list_orders}</value>
<iter>
<var name="${order}">{'Order number': '1', 'Head': '1', 'Body': '2', 'Legs': '3', 'Address': 'Address 123'}</var>
<kw name="Close the annoying modal">
<kw name="Click Element" library="RPA.Browser.Selenium">
<arg>xpath:/html/body/div[1]/div/div[2]/div/div/div/div/div/button[1]</arg>
<doc>Click the element identified by ``locator``.</doc>
<msg timestamp="20230602 15:51:23.500" level="INFO">Clicking element 'xpath:/html/body/div[1]/div/div[2]/div/div/div/div/div/button[1]'.</msg>
<status status="PASS" starttime="20230602 15:51:23.498" endtime="20230602 15:51:23.611"/>
</kw>
<status status="PASS" starttime="20230602 15:51:23.497" endtime="20230602 15:51:23.613"/>
</kw>
<kw name="Fill the from">
<arg>${order}</arg>
<kw name="Select From List By Value" library="RPA.Browser.Selenium">
<arg>xpath:/html/body/div[1]/div/div[1]/div/div[1]/form/div[1]/select</arg>
<arg>${orders}[Head]</arg>
<doc>Selects options from selection list ``locator`` by ``values``.</doc>
<msg timestamp="20230602 15:51:23.616" level="INFO">Selecting options from selection list 'xpath:/html/body/div[1]/div/div[1]/div/div[1]/form/div[1]/select' by value 1.</msg>
<status status="PASS" starttime="20230602 15:51:23.615" endtime="20230602 15:51:23.747"/>
</kw>
<kw name="Select Radio Button" library="RPA.Browser.Selenium">
<arg>body</arg>
<arg>${orders}[Body]</arg>
<doc>Sets the radio button group ``group_name`` to ``value``.</doc>
<msg timestamp="20230602 15:51:23.750" level="INFO">Selecting '2' from radio button 'body'.</msg>
<status status="PASS" starttime="20230602 15:51:23.749" endtime="20230602 15:51:23.860"/>
</kw>
<kw name="Input Text" library="RPA.Browser.Selenium">
<arg>xpath:/html/body/div[1]/div/div[1]/div/div[1]/form/div[3]/input</arg>
<arg>${orders}[Legs]</arg>
<doc>Types the given ``text`` into the text field identified by ``locator``.</doc>
<msg timestamp="20230602 15:51:23.862" level="INFO">Typing text '3' into text field 'xpath:/html/body/div[1]/div/div[1]/div/div[1]/form/div[3]/input'.</msg>
<status status="PASS" starttime="20230602 15:51:23.861" endtime="20230602 15:51:24.016"/>
</kw>
<kw name="Input Text" library="RPA.Browser.Selenium">
<arg>xpath:/html/body/div[1]/div/div[1]/div/div[1]/form/div[4]/input</arg>
<arg>${orders}[Address]</arg>
<doc>Types the given ``text`` into the text field identified by ``locator``.</doc>
<msg timestamp="20230602 15:51:24.018" level="INFO">Typing text 'Address 123' into text field 'xpath:/html/body/div[1]/div/div[1]/div/div[1]/form/div[4]/input'.</msg>
<status status="PASS" starttime="20230602 15:51:24.017" endtime="20230602 15:51:24.201"/>
</kw>
<kw name="Click Element" library="RPA.Browser.Selenium">
<arg>xpath:/html/body/div[1]/div/div[1]/div/div[1]/form/button[1]</arg>
<doc>Click the element identified by ``locator``.</doc>
<msg timestamp="20230602 15:51:24.205" level="INFO">Clicking element 'xpath:/html/body/div[1]/div/div[1]/div/div[1]/form/button[1]'.</msg>
<status status="PASS" starttime="20230602 15:51:24.203" endtime="20230602 15:51:24.315"/>
</kw>
<kw name="Wait Until Keyword Succeeds" library="BuiltIn">
<arg>10</arg>
<arg>0.5s</arg>
<arg>Send form</arg>
<doc>Runs the specified keyword and retries if it fails.</doc>
<kw name="Send form">
<kw name="Click Element" library="RPA.Browser.Selenium">
<arg>xpath:/html/body/div[1]/div/div[1]/div/div[1]/form/button[2]</arg>
<doc>Click the element identified by ``locator``.</doc>
<msg timestamp="20230602 15:51:24.322" level="INFO">Clicking element 'xpath:/html/body/div[1]/div/div[1]/div/div[1]/form/button[2]'.</msg>
<status status="PASS" starttime="20230602 15:51:24.321" endtime="20230602 15:51:24.414"/>
</kw>
<status status="PASS" starttime="20230602 15:51:24.317" endtime="20230602 15:51:24.414"/>
</kw>
<status status="PASS" starttime="20230602 15:51:24.316" endtime="20230602 15:51:24.415"/>
</kw>
<status status="PASS" starttime="20230602 15:51:23.614" endtime="20230602 15:51:24.415"/>
</kw>
<kw name="Download and Store the receipt">
<arg>${order}</arg>
<kw name="Sleep" library="BuiltIn">
<arg>5</arg>
<doc>Pauses the test executed for the given time.</doc>
<msg timestamp="20230602 15:51:29.432" level="INFO">Slept 5 seconds</msg>
<status status="PASS" starttime="20230602 15:51:24.416" endtime="20230602 15:51:29.434"/>
</kw>
<kw name="Take a screenshot of the robot">
<var>${screenshot}</var>
<arg>${order}[Order number]</arg>
<kw name="Capture Element Screenshot" library="RPA.Browser.Selenium">
<var>${screenshot}</var>
<arg>xpath://*[@id="robot-preview-image"]</arg>
<arg>screenshot/${orders}.png</arg>
<doc>Captures a screenshot from the element identified by ``locator`` and embeds it into log file.</doc>
<msg timestamp="20230602 15:51:29.671" level="INFO" html="true">&lt;/td&gt;&lt;/tr&gt;&lt;tr&gt;&lt;td colspan="3"&gt;&lt;a href="screenshot/1.png"&gt;&lt;img src="screenshot/1.png" width="400px"&gt;&lt;/a&gt;</msg>
<msg timestamp="20230602 15:51:29.671" level="INFO">${screenshot} = E:\maa_code\RPA\certificat_niveau_2\screenshot\1.png</msg>
<status status="PASS" starttime="20230602 15:51:29.437" endtime="20230602 15:51:29.671"/>
</kw>
<msg timestamp="20230602 15:51:29.672" level="INFO">${screenshot} = E:\maa_code\RPA\certificat_niveau_2\screenshot\1.png</msg>
<status status="PASS" starttime="20230602 15:51:29.435" endtime="20230602 15:51:29.673"/>
</kw>
<kw name="Store the receipt as a PDF file">
<var>${pdf}</var>
<arg>${order}[Order number]</arg>
<kw name="Wait Until Element Is Visible" library="RPA.Browser.Selenium">
<arg>xpath:/html/body/div[1]/div/div[1]/div/div[1]/div/div</arg>
<doc>Waits until the element ``locator`` is visible.</doc>
<status status="PASS" starttime="20230602 15:51:29.675" endtime="20230602 15:51:29.829"/>
</kw>
<kw name="Get Element Attribute" library="RPA.Browser.Selenium">
<var>${receipt}</var>
<arg>xpath:/html/body/div[1]/div/div[1]/div/div[1]/div/div</arg>
<arg>outerHTML</arg>
<doc>Returns the value of ``attribute`` from the element ``locator``.</doc>
<msg timestamp="20230602 15:51:29.873" level="INFO">${receipt} = &lt;div id="receipt" class="alert alert-success" role="alert"&gt;&lt;h3&gt;Receipt&lt;/h3&gt;&lt;div&gt;2023-06-02T15:51:28.089Z&lt;/div&gt;&lt;p class="badge badge-success"&gt;RSB-ROBO-ORDER-3R0T0PUO2C&lt;/p&gt;&lt;p&gt;Address 123&lt;/p&gt;&lt;div id="par...</msg>
<status status="PASS" starttime="20230602 15:51:29.829" endtime="20230602 15:51:29.873"/>
</kw>
<kw name="Html To Pdf" library="RPA.PDF">
<var>${pdf}</var>
<arg>${receipt}</arg>
<arg>receipts/${orders}.pdf</arg>
<doc>Generate a PDF file from HTML content.</doc>
<msg timestamp="20230602 15:51:29.877" level="INFO">Writing output to file E:\maa_code\RPA\certificat_niveau_2\receipts\1.pdf</msg>
<msg timestamp="20230602 15:51:30.128" level="INFO">maxp pruned</msg>
<msg timestamp="20230602 15:51:30.129" level="INFO">cmap pruned</msg>
<msg timestamp="20230602 15:51:30.139" level="INFO">post pruned</msg>
<msg timestamp="20230602 15:51:30.143" level="INFO">GDEF dropped</msg>
<msg timestamp="20230602 15:51:30.144" level="INFO">GPOS dropped</msg>
<msg timestamp="20230602 15:51:30.144" level="INFO">GSUB dropped</msg>
<msg timestamp="20230602 15:51:30.147" level="INFO">name pruned</msg>
<msg timestamp="20230602 15:51:30.157" level="INFO">glyf pruned</msg>
<msg timestamp="20230602 15:51:30.158" level="INFO">Added gid0 to subset</msg>
<msg timestamp="20230602 15:51:30.159" level="INFO">Added first four glyphs to subset</msg>
<msg timestamp="20230602 15:51:30.159" level="INFO">Closing glyph list over 'glyf': 58 glyphs before</msg>
<msg timestamp="20230602 15:51:30.159" level="INFO">Glyph names: ['.notdef', '.null', 'uni0020', 'uni0021', 'uni002D', 'uni002E', 'uni0030', 'uni0031', 'uni0032', 'uni0033', 'uni0034', 'uni0035', 'uni0036', 'uni0037', 'uni0038', 'uni0039', 'uni003A', 'uni0041', 'uni0042', 'uni0043', 'uni0044', 'uni0045', 'uni0048', 'uni004C', 'uni004F', 'uni0050', 'uni0052', 'uni0053', 'uni0054', 'uni0055', 'uni0057', 'uni0059', 'uni005A', 'uni0061', 'uni0062', 'uni0063', 'uni0064', 'uni0065', 'uni0066', 'uni0067', 'uni0068', 'uni0069', 'uni006B', 'uni006C', 'uni006D', 'uni006E', 'uni006F', 'uni0070', 'uni0072', 'uni0073', 'uni0074', 'uni0075', 'uni0076', 'uni0077', 'uni0079', 'uni007B', 'uni007D', 'uni00C4']</msg>
<msg timestamp="20230602 15:51:30.160" level="INFO">Glyph IDs:   [0, 1, 2, 3, 65, 73, 84, 95, 161, 280, 320, 374, 382, 395, 409, 421, 456, 469, 493, 504, 575, 582, 594, 612, 645, 650, 660, 679, 715, 723, 752, 759, 775, 827, 837, 867, 884, 899, 932, 936, 950, 1294, 1295, 1296, 1298, 1299, 1300, 1302, 1303, 1304, 1305, 1329, 1345, 1346, 1361, 1404, 1407, 1681]</msg>
<msg timestamp="20230602 15:51:30.161" level="INFO">Closed glyph list over 'glyf': 58 glyphs after</msg>
<msg timestamp="20230602 15:51:30.161" level="INFO">Glyph names: ['.notdef', '.null', 'uni0020', 'uni0021', 'uni002D', 'uni002E', 'uni0030', 'uni0031', 'uni0032', 'uni0033', 'uni0034', 'uni0035', 'uni0036', 'uni0037', 'uni0038', 'uni0039', 'uni003A', 'uni0041', 'uni0042', 'uni0043', 'uni0044', 'uni0045', 'uni0048', 'uni004C', 'uni004F', 'uni0050', 'uni0052', 'uni0053', 'uni0054', 'uni0055', 'uni0057', 'uni0059', 'uni005A', 'uni0061', 'uni0062', 'uni0063', 'uni0064', 'uni0065', 'uni0066', 'uni0067', 'uni0068', 'uni0069', 'uni006B', 'uni006C', 'uni006D', 'uni006E', 'uni006F', 'uni0070', 'uni0072', 'uni0073', 'uni0074', 'uni0075', 'uni0076', 'uni0077', 'uni0079', 'uni007B', 'uni007D', 'uni00C4']</msg>
<msg timestamp="20230602 15:51:30.162" level="INFO">Glyph IDs:   [0, 1, 2, 3, 65, 73, 84, 95, 161, 280, 320, 374, 382, 395, 409, 421, 456, 469, 493, 504, 575, 582, 594, 612, 645, 650, 660, 679, 715, 723, 752, 759, 775, 827, 837, 867, 884, 899, 932, 936, 950, 1294, 1295, 1296, 1298, 1299, 1300, 1302, 1303, 1304, 1305, 1329, 1345, 1346, 1361, 1404, 1407, 1681]</msg>
<msg timestamp="20230602 15:51:30.163" level="INFO">Retaining 58 glyphs</msg>
<msg timestamp="20230602 15:51:30.163" level="INFO">head subsetting not needed</msg>
<msg timestamp="20230602 15:51:30.164" level="INFO">hhea subsetting not needed</msg>
<msg timestamp="20230602 15:51:30.164" level="INFO">maxp subsetting not needed</msg>
<msg timestamp="20230602 15:51:30.164" level="INFO">OS/2 subsetting not needed</msg>
<msg timestamp="20230602 15:51:30.170" level="INFO">hmtx subsetted</msg>
<msg timestamp="20230602 15:51:30.173" level="INFO">cmap subsetted</msg>
<msg timestamp="20230602 15:51:30.174" level="INFO">prep subsetting not needed</msg>
<msg timestamp="20230602 15:51:30.174" level="INFO">loca subsetting not needed</msg>
<msg timestamp="20230602 15:51:30.174" level="INFO">post subsetted</msg>
<msg timestamp="20230602 15:51:30.175" level="INFO">gasp subsetting not needed</msg>
<msg timestamp="20230602 15:51:30.175" level="INFO">STAT subsetting not needed</msg>
<msg timestamp="20230602 15:51:30.175" level="INFO">name subsetting not needed</msg>
<msg timestamp="20230602 15:51:30.177" level="INFO">glyf subsetted</msg>
<msg timestamp="20230602 15:51:30.178" level="INFO">head pruned</msg>
<msg timestamp="20230602 15:51:30.179" level="INFO">OS/2 Unicode ranges pruned: [0]</msg>
<msg timestamp="20230602 15:51:30.181" level="INFO">glyf pruned</msg>
<msg timestamp="20230602 15:51:30.246" level="INFO">maxp pruned</msg>
<msg timestamp="20230602 15:51:30.247" level="INFO">cmap pruned</msg>
<msg timestamp="20230602 15:51:30.247" level="INFO">post pruned</msg>
<msg timestamp="20230602 15:51:30.247" level="INFO">GDEF dropped</msg>
<msg timestamp="20230602 15:51:30.249" level="INFO">GPOS dropped</msg>
<msg timestamp="20230602 15:51:30.249" level="INFO">GSUB dropped</msg>
<msg timestamp="20230602 15:51:30.252" level="INFO">name pruned</msg>
<msg timestamp="20230602 15:51:30.259" level="INFO">glyf pruned</msg>
<msg timestamp="20230602 15:51:30.260" level="INFO">Added gid0 to subset</msg>
<msg timestamp="20230602 15:51:30.261" level="INFO">Added first four glyphs to subset</msg>
<msg timestamp="20230602 15:51:30.261" level="INFO">Closing glyph list over 'glyf': 19 glyphs before</msg>
<msg timestamp="20230602 15:51:30.262" level="INFO">Glyph names: ['.notdef', '.null', 'uni0020', 'uni0030', 'uni0031', 'uni0032', 'uni0033', 'uni0034', 'uni0035', 'uni0036', 'uni0037', 'uni0038', 'uni0039', 'uni0041', 'uni0062', 'uni006E', 'uni007B', 'uni007D', 'uni00C4']</msg>
<msg timestamp="20230602 15:51:30.263" level="INFO">Glyph IDs:   [0, 1, 2, 3, 575, 759, 1294, 1295, 1296, 1298, 1299, 1300, 1302, 1303, 1304, 1305, 1345, 1346, 1681]</msg>
<msg timestamp="20230602 15:51:30.263" level="INFO">Closed glyph list over 'glyf': 19 glyphs after</msg>
<msg timestamp="20230602 15:51:30.263" level="INFO">Glyph names: ['.notdef', '.null', 'uni0020', 'uni0030', 'uni0031', 'uni0032', 'uni0033', 'uni0034', 'uni0035', 'uni0036', 'uni0037', 'uni0038', 'uni0039', 'uni0041', 'uni0062', 'uni006E', 'uni007B', 'uni007D', 'uni00C4']</msg>
<msg timestamp="20230602 15:51:30.265" level="INFO">Glyph IDs:   [0, 1, 2, 3, 575, 759, 1294, 1295, 1296, 1298, 1299, 1300, 1302, 1303, 1304, 1305, 1345, 1346, 1681]</msg>
<msg timestamp="20230602 15:51:30.265" level="INFO">Retaining 19 glyphs</msg>
<msg timestamp="20230602 15:51:30.266" level="INFO">head subsetting not needed</msg>
<msg timestamp="20230602 15:51:30.267" level="INFO">hhea subsetting not needed</msg>
<msg timestamp="20230602 15:51:30.267" level="INFO">maxp subsetting not needed</msg>
<msg timestamp="20230602 15:51:30.267" level="INFO">OS/2 subsetting not needed</msg>
<msg timestamp="20230602 15:51:30.272" level="INFO">hmtx subsetted</msg>
<msg timestamp="20230602 15:51:30.274" level="INFO">cmap subsetted</msg>
<msg timestamp="20230602 15:51:30.275" level="INFO">prep subsetting not needed</msg>
<msg timestamp="20230602 15:51:30.275" level="INFO">loca subsetting not needed</msg>
<msg timestamp="20230602 15:51:30.275" level="INFO">post subsetted</msg>
<msg timestamp="20230602 15:51:30.276" level="INFO">gasp subsetting not needed</msg>
<msg timestamp="20230602 15:51:30.276" level="INFO">STAT subsetting not needed</msg>
<msg timestamp="20230602 15:51:30.276" level="INFO">name subsetting not needed</msg>
<msg timestamp="20230602 15:51:30.279" level="INFO">glyf subsetted</msg>
<msg timestamp="20230602 15:51:30.279" level="INFO">head pruned</msg>
<msg timestamp="20230602 15:51:30.281" level="INFO">OS/2 Unicode ranges pruned: [0]</msg>
<msg timestamp="20230602 15:51:30.282" level="INFO">glyf pruned</msg>
<msg timestamp="20230602 15:51:30.327" level="INFO">maxp pruned</msg>
<msg timestamp="20230602 15:51:30.327" level="INFO">cmap pruned</msg>
<msg timestamp="20230602 15:51:30.327" level="INFO">post pruned</msg>
<msg timestamp="20230602 15:51:30.329" level="INFO">GDEF dropped</msg>
<msg timestamp="20230602 15:51:30.329" level="INFO">GPOS dropped</msg>
<msg timestamp="20230602 15:51:30.329" level="INFO">GSUB dropped</msg>
<msg timestamp="20230602 15:51:30.330" level="INFO">name pruned</msg>
<msg timestamp="20230602 15:51:30.339" level="INFO">glyf pruned</msg>
<msg timestamp="20230602 15:51:30.345" level="INFO">Added gid0 to subset</msg>
<msg timestamp="20230602 15:51:30.345" level="INFO">Added first four glyphs to subset</msg>
<msg timestamp="20230602 15:51:30.346" level="INFO">Closing glyph list over 'glyf': 18 glyphs before</msg>
<msg timestamp="20230602 15:51:30.347" level="INFO">Glyph names: ['.notdef', '.null', 'uni0020', 'uni0030', 'uni0031', 'uni0032', 'uni0033', 'uni0034', 'uni0035', 'uni0036', 'uni0037', 'uni0038', 'uni0039', 'uni0062', 'uni006E', 'uni007B', 'uni007D', 'uni00A0']</msg>
<msg timestamp="20230602 15:51:30.348" level="INFO">Glyph IDs:   [0, 1, 2, 3, 544, 727, 1256, 1257, 1258, 1260, 1261, 1262, 1264, 1265, 1266, 1267, 1307, 1308]</msg>
<msg timestamp="20230602 15:51:30.348" level="INFO">Closed glyph list over 'glyf': 18 glyphs after</msg>
<msg timestamp="20230602 15:51:30.349" level="INFO">Glyph names: ['.notdef', '.null', 'uni0020', 'uni0030', 'uni0031', 'uni0032', 'uni0033', 'uni0034', 'uni0035', 'uni0036', 'uni0037', 'uni0038', 'uni0039', 'uni0062', 'uni006E', 'uni007B', 'uni007D', 'uni00A0']</msg>
<msg timestamp="20230602 15:51:30.350" level="INFO">Glyph IDs:   [0, 1, 2, 3, 544, 727, 1256, 1257, 1258, 1260, 1261, 1262, 1264, 1265, 1266, 1267, 1307, 1308]</msg>
<msg timestamp="20230602 15:51:30.351" level="INFO">Retaining 18 glyphs</msg>
<msg timestamp="20230602 15:51:30.352" level="INFO">head subsetting not needed</msg>
<msg timestamp="20230602 15:51:30.352" level="INFO">hhea subsetting not needed</msg>
<msg timestamp="20230602 15:51:30.353" level="INFO">maxp subsetting not needed</msg>
<msg timestamp="20230602 15:51:30.353" level="INFO">OS/2 subsetting not needed</msg>
<msg timestamp="20230602 15:51:30.357" level="INFO">hmtx subsetted</msg>
<msg timestamp="20230602 15:51:30.359" level="INFO">cmap subsetted</msg>
<msg timestamp="20230602 15:51:30.359" level="INFO">loca subsetting not needed</msg>
<msg timestamp="20230602 15:51:30.360" level="INFO">post subsetted</msg>
<msg timestamp="20230602 15:51:30.360" level="INFO">name subsetting not needed</msg>
<msg timestamp="20230602 15:51:30.362" level="INFO">glyf subsetted</msg>
<msg timestamp="20230602 15:51:30.363" level="INFO">head pruned</msg>
<msg timestamp="20230602 15:51:30.364" level="INFO">OS/2 Unicode ranges pruned: [0]</msg>
<msg timestamp="20230602 15:51:30.365" level="INFO">glyf pruned</msg>
<msg timestamp="20230602 15:51:30.404" level="INFO">maxp pruned</msg>
<msg timestamp="20230602 15:51:30.405" level="INFO">cmap pruned</msg>
<msg timestamp="20230602 15:51:30.406" level="INFO">post pruned</msg>
<msg timestamp="20230602 15:51:30.406" level="INFO">GDEF dropped</msg>
<msg timestamp="20230602 15:51:30.406" level="INFO">GPOS dropped</msg>
<msg timestamp="20230602 15:51:30.407" level="INFO">GSUB dropped</msg>
<msg timestamp="20230602 15:51:30.407" level="INFO">name pruned</msg>
<msg timestamp="20230602 15:51:30.415" level="INFO">glyf pruned</msg>
<msg timestamp="20230602 15:51:30.423" level="INFO">Added gid0 to subset</msg>
<msg timestamp="20230602 15:51:30.424" level="INFO">Added first four glyphs to subset</msg>
<msg timestamp="20230602 15:51:30.424" level="INFO">Closing glyph list over 'glyf': 18 glyphs before</msg>
<msg timestamp="20230602 15:51:30.424" level="INFO">Glyph names: ['.notdef', '.null', 'uni0020', 'uni0030', 'uni0031', 'uni0032', 'uni0033', 'uni0034', 'uni0035', 'uni0036', 'uni0037', 'uni0038', 'uni0039', 'uni0062', 'uni006E', 'uni007B', 'uni007D', 'uni00A0']</msg>
<msg timestamp="20230602 15:51:30.425" level="INFO">Glyph IDs:   [0, 1, 2, 3, 544, 727, 1256, 1257, 1258, 1260, 1261, 1262, 1264, 1265, 1266, 1267, 1307, 1308]</msg>
<msg timestamp="20230602 15:51:30.425" level="INFO">Closed glyph list over 'glyf': 18 glyphs after</msg>
<msg timestamp="20230602 15:51:30.426" level="INFO">Glyph names: ['.notdef', '.null', 'uni0020', 'uni0030', 'uni0031', 'uni0032', 'uni0033', 'uni0034', 'uni0035', 'uni0036', 'uni0037', 'uni0038', 'uni0039', 'uni0062', 'uni006E', 'uni007B', 'uni007D', 'uni00A0']</msg>
<msg timestamp="20230602 15:51:30.454" level="INFO">Glyph IDs:   [0, 1, 2, 3, 544, 727, 1256, 1257, 1258, 1260, 1261, 1262, 1264, 1265, 1266, 1267, 1307, 1308]</msg>
<msg timestamp="20230602 15:51:30.455" level="INFO">Retaining 18 glyphs</msg>
<msg timestamp="20230602 15:51:30.455" level="INFO">head subsetting not needed</msg>
<msg timestamp="20230602 15:51:30.456" level="INFO">hhea subsetting not needed</msg>
<msg timestamp="20230602 15:51:30.456" level="INFO">maxp subsetting not needed</msg>
<msg timestamp="20230602 15:51:30.457" level="INFO">OS/2 subsetting not needed</msg>
<msg timestamp="20230602 15:51:30.461" level="INFO">hmtx subsetted</msg>
<msg timestamp="20230602 15:51:30.463" level="INFO">cmap subsetted</msg>
<msg timestamp="20230602 15:51:30.464" level="INFO">loca subsetting not needed</msg>
<msg timestamp="20230602 15:51:30.464" level="INFO">post subsetted</msg>
<msg timestamp="20230602 15:51:30.465" level="INFO">name subsetting not needed</msg>
<msg timestamp="20230602 15:51:30.468" level="INFO">glyf subsetted</msg>
<msg timestamp="20230602 15:51:30.469" level="INFO">head pruned</msg>
<msg timestamp="20230602 15:51:30.471" level="INFO">OS/2 Unicode ranges pruned: [0]</msg>
<msg timestamp="20230602 15:51:30.471" level="INFO">glyf pruned</msg>
<msg timestamp="20230602 15:51:30.546" level="INFO">${pdf} = None</msg>
<status status="PASS" starttime="20230602 15:51:29.874" endtime="20230602 15:51:30.547"/>
</kw>
<msg timestamp="20230602 15:51:30.549" level="INFO">${pdf} = receipts/1.pdf</msg>
<status status="PASS" starttime="20230602 15:51:29.673" endtime="20230602 15:51:30.555"/>
</kw>
<kw name="Embed the robot screenshot to the receipt PDF file">
<arg>${screenshot}</arg>
<arg>${pdf}</arg>
<arg>${order}</arg>
<kw name="Open Pdf" library="RPA.PDF">
<arg>${pdf}</arg>
<doc>Open a PDF document for reading.</doc>
<status status="PASS" starttime="20230602 15:51:30.558" endtime="20230602 15:51:30.578"/>
</kw>
<kw name="Add Watermark Image To Pdf" library="RPA.PDF">
<arg>image_path=${screenshot}</arg>
<arg>source_path=${pdf}</arg>
<arg>output_path=receipts/${order}[Order number].pdf</arg>
<doc>Add an image into an existing or new PDF.</doc>
<msg timestamp="20230602 15:51:30.772" level="WARN">Object 7 0 found</msg>
<msg timestamp="20230602 15:51:30.774" level="WARN">Overwriting cache for 0 7</msg>
<msg timestamp="20230602 15:51:30.780" level="WARN">Object 14 0 found</msg>
<msg timestamp="20230602 15:51:30.787" level="WARN">Overwriting cache for 0 14</msg>
<msg timestamp="20230602 15:51:30.796" level="WARN">Object 21 0 found</msg>
<msg timestamp="20230602 15:51:30.805" level="WARN">Overwriting cache for 0 21</msg>
<msg timestamp="20230602 15:51:30.811" level="WARN">Object 28 0 found</msg>
<msg timestamp="20230602 15:51:30.815" level="WARN">Overwriting cache for 0 28</msg>
<status status="PASS" starttime="20230602 15:51:30.580" endtime="20230602 15:51:30.842"/>
</kw>
<kw name="Close Pdf" library="RPA.PDF">
<doc>Close PDF file descriptor for a certain file.</doc>
<msg timestamp="20230602 15:51:30.843" level="INFO">Closing PDF document: E:\maa_code\RPA\certificat_niveau_2\receipts\1.pdf</msg>
<status status="PASS" starttime="20230602 15:51:30.842" endtime="20230602 15:51:30.843"/>
</kw>
<status status="PASS" starttime="20230602 15:51:30.555" endtime="20230602 15:51:30.844"/>
</kw>
<status status="PASS" starttime="20230602 15:51:24.415" endtime="20230602 15:51:30.844"/>
</kw>
<kw name="Order another Robot">
<kw name="Wait Until Element Is Visible" library="RPA.Browser.Selenium">
<arg>xpath:/html/body/div[1]/div/div[1]/div/div[1]/div/button</arg>
<doc>Waits until the element ``locator`` is visible.</doc>
<status status="PASS" starttime="20230602 15:51:30.846" endtime="20230602 15:51:30.891"/>
</kw>
<kw name="Click Element" library="RPA.Browser.Selenium">
<arg>xpath:/html/body/div[1]/div/div[1]/div/div[1]/div/button</arg>
<doc>Click the element identified by ``locator``.</doc>
<msg timestamp="20230602 15:51:30.893" level="INFO">Clicking element 'xpath:/html/body/div[1]/div/div[1]/div/div[1]/div/button'.</msg>
<status status="PASS" starttime="20230602 15:51:30.892" endtime="20230602 15:51:31.189"/>
</kw>
<status status="PASS" starttime="20230602 15:51:30.844" endtime="20230602 15:51:31.190"/>
</kw>
<status status="PASS" starttime="20230602 15:51:23.496" endtime="20230602 15:51:31.190"/>
</iter>
<iter>
<var name="${order}">{'Order number': '2', 'Head': '4', 'Body': '1', 'Legs': '5', 'Address': 'Address 456'}</var>
<kw name="Close the annoying modal">
<kw name="Click Element" library="RPA.Browser.Selenium">
<arg>xpath:/html/body/div[1]/div/div[2]/div/div/div/div/div/button[1]</arg>
<doc>Click the element identified by ``locator``.</doc>
<msg timestamp="20230602 15:51:31.194" level="INFO">Clicking element 'xpath:/html/body/div[1]/div/div[2]/div/div/div/div/div/button[1]'.</msg>
<status status="PASS" starttime="20230602 15:51:31.192" endtime="20230602 15:51:31.272"/>
</kw>
<status status="PASS" starttime="20230602 15:51:31.191" endtime="20230602 15:51:31.273"/>
</kw>
<kw name="Fill the from">
<arg>${order}</arg>
<kw name="Select From List By Value" library="RPA.Browser.Selenium">
<arg>xpath:/html/body/div[1]/div/div[1]/div/div[1]/form/div[1]/select</arg>
<arg>${orders}[Head]</arg>
<doc>Selects options from selection list ``locator`` by ``values``.</doc>
<msg timestamp="20230602 15:51:31.276" level="INFO">Selecting options from selection list 'xpath:/html/body/div[1]/div/div[1]/div/div[1]/form/div[1]/select' by value 4.</msg>
<status status="PASS" starttime="20230602 15:51:31.275" endtime="20230602 15:51:31.393"/>
</kw>
<kw name="Select Radio Button" library="RPA.Browser.Selenium">
<arg>body</arg>
<arg>${orders}[Body]</arg>
<doc>Sets the radio button group ``group_name`` to ``value``.</doc>
<msg timestamp="20230602 15:51:31.394" level="INFO">Selecting '1' from radio button 'body'.</msg>
<status status="PASS" starttime="20230602 15:51:31.393" endtime="20230602 15:51:31.488"/>
</kw>
<kw name="Input Text" library="RPA.Browser.Selenium">
<arg>xpath:/html/body/div[1]/div/div[1]/div/div[1]/form/div[3]/input</arg>
<arg>${orders}[Legs]</arg>
<doc>Types the given ``text`` into the text field identified by ``locator``.</doc>
<msg timestamp="20230602 15:51:31.490" level="INFO">Typing text '5' into text field 'xpath:/html/body/div[1]/div/div[1]/div/div[1]/form/div[3]/input'.</msg>
<status status="PASS" starttime="20230602 15:51:31.489" endtime="20230602 15:51:31.614"/>
</kw>
<kw name="Input Text" library="RPA.Browser.Selenium">
<arg>xpath:/html/body/div[1]/div/div[1]/div/div[1]/form/div[4]/input</arg>
<arg>${orders}[Address]</arg>
<doc>Types the given ``text`` into the text field identified by ``locator``.</doc>
<msg timestamp="20230602 15:51:31.615" level="INFO">Typing text 'Address 456' into text field 'xpath:/html/body/div[1]/div/div[1]/div/div[1]/form/div[4]/input'.</msg>
<status status="PASS" starttime="20230602 15:51:31.614" endtime="20230602 15:51:31.788"/>
</kw>
<kw name="Click Element" library="RPA.Browser.Selenium">
<arg>xpath:/html/body/div[1]/div/div[1]/div/div[1]/form/button[1]</arg>
<doc>Click the element identified by ``locator``.</doc>
<msg timestamp="20230602 15:51:31.789" level="INFO">Clicking element 'xpath:/html/body/div[1]/div/div[1]/div/div[1]/form/button[1]'.</msg>
<status status="PASS" starttime="20230602 15:51:31.788" endtime="20230602 15:51:31.863"/>
</kw>
<kw name="Wait Until Keyword Succeeds" library="BuiltIn">
<arg>10</arg>
<arg>0.5s</arg>
<arg>Send form</arg>
<doc>Runs the specified keyword and retries if it fails.</doc>
<kw name="Send form">
<kw name="Click Element" library="RPA.Browser.Selenium">
<arg>xpath:/html/body/div[1]/div/div[1]/div/div[1]/form/button[2]</arg>
<doc>Click the element identified by ``locator``.</doc>
<msg timestamp="20230602 15:51:31.872" level="INFO">Clicking element 'xpath:/html/body/div[1]/div/div[1]/div/div[1]/form/button[2]'.</msg>
<status status="PASS" starttime="20230602 15:51:31.871" endtime="20230602 15:51:31.943"/>
</kw>
<status status="PASS" starttime="20230602 15:51:31.868" endtime="20230602 15:51:31.944"/>
</kw>
<status status="PASS" starttime="20230602 15:51:31.863" endtime="20230602 15:51:31.945"/>
</kw>
<status status="PASS" starttime="20230602 15:51:31.273" endtime="20230602 15:51:31.946"/>
</kw>
<kw name="Download and Store the receipt">
<arg>${order}</arg>
<kw name="Sleep" library="BuiltIn">
<arg>5</arg>
<doc>Pauses the test executed for the given time.</doc>
<msg timestamp="20230602 15:51:36.952" level="INFO">Slept 5 seconds</msg>
<status status="PASS" starttime="20230602 15:51:31.948" endtime="20230602 15:51:36.952"/>
</kw>
<kw name="Take a screenshot of the robot">
<var>${screenshot}</var>
<arg>${order}[Order number]</arg>
<kw name="Capture Element Screenshot" library="RPA.Browser.Selenium">
<var>${screenshot}</var>
<arg>xpath://*[@id="robot-preview-image"]</arg>
<arg>screenshot/${orders}.png</arg>
<doc>Captures a screenshot from the element identified by ``locator`` and embeds it into log file.</doc>
<msg timestamp="20230602 15:51:37.149" level="INFO" html="true">&lt;/td&gt;&lt;/tr&gt;&lt;tr&gt;&lt;td colspan="3"&gt;&lt;a href="screenshot/2.png"&gt;&lt;img src="screenshot/2.png" width="400px"&gt;&lt;/a&gt;</msg>
<msg timestamp="20230602 15:51:37.150" level="INFO">${screenshot} = E:\maa_code\RPA\certificat_niveau_2\screenshot\2.png</msg>
<status status="PASS" starttime="20230602 15:51:36.954" endtime="20230602 15:51:37.151"/>
</kw>
<msg timestamp="20230602 15:51:37.152" level="INFO">${screenshot} = E:\maa_code\RPA\certificat_niveau_2\screenshot\2.png</msg>
<status status="PASS" starttime="20230602 15:51:36.953" endtime="20230602 15:51:37.152"/>
</kw>
<kw name="Store the receipt as a PDF file">
<var>${pdf}</var>
<arg>${order}[Order number]</arg>
<kw name="Wait Until Element Is Visible" library="RPA.Browser.Selenium">
<arg>xpath:/html/body/div[1]/div/div[1]/div/div[1]/div/div</arg>
<doc>Waits until the element ``locator`` is visible.</doc>
<status status="PASS" starttime="20230602 15:51:37.156" endtime="20230602 15:51:37.257"/>
</kw>
<kw name="Get Element Attribute" library="RPA.Browser.Selenium">
<var>${receipt}</var>
<arg>xpath:/html/body/div[1]/div/div[1]/div/div[1]/div/div</arg>
<arg>outerHTML</arg>
<doc>Returns the value of ``attribute`` from the element ``locator``.</doc>
<msg timestamp="20230602 15:51:37.312" level="INFO">${receipt} = &lt;div id="receipt" class="alert alert-success" role="alert"&gt;&lt;h3&gt;Receipt&lt;/h3&gt;&lt;div&gt;2023-06-02T15:51:31.930Z&lt;/div&gt;&lt;p class="badge badge-success"&gt;RSB-ROBO-ORDER-EOFPD4VAN&lt;/p&gt;&lt;p&gt;Address 456&lt;/p&gt;&lt;div id="part...</msg>
<status status="PASS" starttime="20230602 15:51:37.258" endtime="20230602 15:51:37.312"/>
</kw>
<kw name="Html To Pdf" library="RPA.PDF">
<var>${pdf}</var>
<arg>${receipt}</arg>
<arg>receipts/${orders}.pdf</arg>
<doc>Generate a PDF file from HTML content.</doc>
<msg timestamp="20230602 15:51:37.317" level="INFO">Writing output to file E:\maa_code\RPA\certificat_niveau_2\receipts\2.pdf</msg>
<msg timestamp="20230602 15:51:37.616" level="INFO">maxp pruned</msg>
<msg timestamp="20230602 15:51:37.618" level="INFO">cmap pruned</msg>
<msg timestamp="20230602 15:51:37.619" level="INFO">post pruned</msg>
<msg timestamp="20230602 15:51:37.619" level="INFO">GDEF dropped</msg>
<msg timestamp="20230602 15:51:37.619" level="INFO">GPOS dropped</msg>
<msg timestamp="20230602 15:51:37.621" level="INFO">GSUB dropped</msg>
<msg timestamp="20230602 15:51:37.623" level="INFO">name pruned</msg>
<msg timestamp="20230602 15:51:37.632" level="INFO">glyf pruned</msg>
<msg timestamp="20230602 15:51:37.634" level="INFO">Added gid0 to subset</msg>
<msg timestamp="20230602 15:51:37.635" level="INFO">Added first four glyphs to subset</msg>
<msg timestamp="20230602 15:51:37.636" level="INFO">Closing glyph list over 'glyf': 59 glyphs before</msg>
<msg timestamp="20230602 15:51:37.637" level="INFO">Glyph names: ['.notdef', '.null', 'uni0020', 'uni0021', 'uni002D', 'uni002E', 'uni0030', 'uni0031', 'uni0032', 'uni0033', 'uni0034', 'uni0035', 'uni0036', 'uni0037', 'uni0038', 'uni0039', 'uni003A', 'uni0041', 'uni0042', 'uni0044', 'uni0045', 'uni0046', 'uni0048', 'uni004C', 'uni004E', 'uni004F', 'uni0050', 'uni0052', 'uni0053', 'uni0054', 'uni0056', 'uni0057', 'uni0059', 'uni005A', 'uni0061', 'uni0062', 'uni0063', 'uni0064', 'uni0065', 'uni0066', 'uni0067', 'uni0068', 'uni0069', 'uni006B', 'uni006C', 'uni006D', 'uni006E', 'uni006F', 'uni0070', 'uni0072', 'uni0073', 'uni0074', 'uni0075', 'uni0076', 'uni0077', 'uni0079', 'uni007B', 'uni007D', 'uni00C4']</msg>
<msg timestamp="20230602 15:51:37.639" level="INFO">Glyph IDs:   [0, 1, 2, 3, 65, 84, 95, 137, 161, 280, 299, 320, 374, 382, 395, 409, 453, 456, 469, 493, 504, 575, 582, 594, 612, 645, 650, 660, 679, 715, 723, 752, 759, 775, 827, 837, 867, 884, 899, 932, 936, 950, 1294, 1295, 1296, 1298, 1299, 1300, 1302, 1303, 1304, 1305, 1329, 1345, 1346, 1361, 1404, 1407, 1681]</msg>
<msg timestamp="20230602 15:51:37.641" level="INFO">Closed glyph list over 'glyf': 59 glyphs after</msg>
<msg timestamp="20230602 15:51:37.642" level="INFO">Glyph names: ['.notdef', '.null', 'uni0020', 'uni0021', 'uni002D', 'uni002E', 'uni0030', 'uni0031', 'uni0032', 'uni0033', 'uni0034', 'uni0035', 'uni0036', 'uni0037', 'uni0038', 'uni0039', 'uni003A', 'uni0041', 'uni0042', 'uni0044', 'uni0045', 'uni0046', 'uni0048', 'uni004C', 'uni004E', 'uni004F', 'uni0050', 'uni0052', 'uni0053', 'uni0054', 'uni0056', 'uni0057', 'uni0059', 'uni005A', 'uni0061', 'uni0062', 'uni0063', 'uni0064', 'uni0065', 'uni0066', 'uni0067', 'uni0068', 'uni0069', 'uni006B', 'uni006C', 'uni006D', 'uni006E', 'uni006F', 'uni0070', 'uni0072', 'uni0073', 'uni0074', 'uni0075', 'uni0076', 'uni0077', 'uni0079', 'uni007B', 'uni007D', 'uni00C4']</msg>
<msg timestamp="20230602 15:51:37.642" level="INFO">Glyph IDs:   [0, 1, 2, 3, 65, 84, 95, 137, 161, 280, 299, 320, 374, 382, 395, 409, 453, 456, 469, 493, 504, 575, 582, 594, 612, 645, 650, 660, 679, 715, 723, 752, 759, 775, 827, 837, 867, 884, 899, 932, 936, 950, 1294, 1295, 1296, 1298, 1299, 1300, 1302, 1303, 1304, 1305, 1329, 1345, 1346, 1361, 1404, 1407, 1681]</msg>
<msg timestamp="20230602 15:51:37.644" level="INFO">Retaining 59 glyphs</msg>
<msg timestamp="20230602 15:51:37.645" level="INFO">head subsetting not needed</msg>
<msg timestamp="20230602 15:51:37.645" level="INFO">hhea subsetting not needed</msg>
<msg timestamp="20230602 15:51:37.646" level="INFO">maxp subsetting not needed</msg>
<msg timestamp="20230602 15:51:37.647" level="INFO">OS/2 subsetting not needed</msg>
<msg timestamp="20230602 15:51:37.651" level="INFO">hmtx subsetted</msg>
<msg timestamp="20230602 15:51:37.654" level="INFO">cmap subsetted</msg>
<msg timestamp="20230602 15:51:37.655" level="INFO">prep subsetting not needed</msg>
<msg timestamp="20230602 15:51:37.655" level="INFO">loca subsetting not needed</msg>
<msg timestamp="20230602 15:51:37.655" level="INFO">post subsetted</msg>
<msg timestamp="20230602 15:51:37.656" level="INFO">gasp subsetting not needed</msg>
<msg timestamp="20230602 15:51:37.656" level="INFO">STAT subsetting not needed</msg>
<msg timestamp="20230602 15:51:37.656" level="INFO">name subsetting not needed</msg>
<msg timestamp="20230602 15:51:37.658" level="INFO">glyf subsetted</msg>
<msg timestamp="20230602 15:51:37.659" level="INFO">head pruned</msg>
<msg timestamp="20230602 15:51:37.659" level="INFO">OS/2 Unicode ranges pruned: [0]</msg>
<msg timestamp="20230602 15:51:37.662" level="INFO">glyf pruned</msg>
<msg timestamp="20230602 15:51:37.829" level="INFO">maxp pruned</msg>
<msg timestamp="20230602 15:51:37.833" level="INFO">cmap pruned</msg>
<msg timestamp="20230602 15:51:37.834" level="INFO">post pruned</msg>
<msg timestamp="20230602 15:51:37.834" level="INFO">GDEF dropped</msg>
<msg timestamp="20230602 15:51:37.835" level="INFO">GPOS dropped</msg>
<msg timestamp="20230602 15:51:37.835" level="INFO">GSUB dropped</msg>
<msg timestamp="20230602 15:51:37.837" level="INFO">name pruned</msg>
<msg timestamp="20230602 15:51:37.917" level="INFO">glyf pruned</msg>
<msg timestamp="20230602 15:51:37.919" level="INFO">Added gid0 to subset</msg>
<msg timestamp="20230602 15:51:37.919" level="INFO">Added first four glyphs to subset</msg>
<msg timestamp="20230602 15:51:37.920" level="INFO">Closing glyph list over 'glyf': 19 glyphs before</msg>
<msg timestamp="20230602 15:51:37.920" level="INFO">Glyph names: ['.notdef', '.null', 'uni0020', 'uni0030', 'uni0031', 'uni0032', 'uni0033', 'uni0034', 'uni0035', 'uni0036', 'uni0037', 'uni0038', 'uni0039', 'uni0041', 'uni0062', 'uni006E', 'uni007B', 'uni007D', 'uni00C4']</msg>
<msg timestamp="20230602 15:51:37.921" level="INFO">Glyph IDs:   [0, 1, 2, 3, 575, 759, 1294, 1295, 1296, 1298, 1299, 1300, 1302, 1303, 1304, 1305, 1345, 1346, 1681]</msg>
<msg timestamp="20230602 15:51:37.921" level="INFO">Closed glyph list over 'glyf': 19 glyphs after</msg>
<msg timestamp="20230602 15:51:37.923" level="INFO">Glyph names: ['.notdef', '.null', 'uni0020', 'uni0030', 'uni0031', 'uni0032', 'uni0033', 'uni0034', 'uni0035', 'uni0036', 'uni0037', 'uni0038', 'uni0039', 'uni0041', 'uni0062', 'uni006E', 'uni007B', 'uni007D', 'uni00C4']</msg>
<msg timestamp="20230602 15:51:37.923" level="INFO">Glyph IDs:   [0, 1, 2, 3, 575, 759, 1294, 1295, 1296, 1298, 1299, 1300, 1302, 1303, 1304, 1305, 1345, 1346, 1681]</msg>
<msg timestamp="20230602 15:51:37.924" level="INFO">Retaining 19 glyphs</msg>
<msg timestamp="20230602 15:51:37.925" level="INFO">head subsetting not needed</msg>
<msg timestamp="20230602 15:51:37.926" level="INFO">hhea subsetting not needed</msg>
<msg timestamp="20230602 15:51:37.926" level="INFO">maxp subsetting not needed</msg>
<msg timestamp="20230602 15:51:37.927" level="INFO">OS/2 subsetting not needed</msg>
<msg timestamp="20230602 15:51:37.933" level="INFO">hmtx subsetted</msg>
<msg timestamp="20230602 15:51:37.938" level="INFO">cmap subsetted</msg>
<msg timestamp="20230602 15:51:37.939" level="INFO">prep subsetting not needed</msg>
<msg timestamp="20230602 15:51:37.939" level="INFO">loca subsetting not needed</msg>
<msg timestamp="20230602 15:51:37.940" level="INFO">post subsetted</msg>
<msg timestamp="20230602 15:51:37.941" level="INFO">gasp subsetting not needed</msg>
<msg timestamp="20230602 15:51:37.941" level="INFO">STAT subsetting not needed</msg>
<msg timestamp="20230602 15:51:37.942" level="INFO">name subsetting not needed</msg>
<msg timestamp="20230602 15:51:37.944" level="INFO">glyf subsetted</msg>
<msg timestamp="20230602 15:51:37.945" level="INFO">head pruned</msg>
<msg timestamp="20230602 15:51:37.946" level="INFO">OS/2 Unicode ranges pruned: [0]</msg>
<msg timestamp="20230602 15:51:37.949" level="INFO">glyf pruned</msg>
<msg timestamp="20230602 15:51:37.989" level="INFO">maxp pruned</msg>
<msg timestamp="20230602 15:51:37.990" level="INFO">cmap pruned</msg>
<msg timestamp="20230602 15:51:37.990" level="INFO">post pruned</msg>
<msg timestamp="20230602 15:51:37.991" level="INFO">GDEF dropped</msg>
<msg timestamp="20230602 15:51:37.991" level="INFO">GPOS dropped</msg>
<msg timestamp="20230602 15:51:37.991" level="INFO">GSUB dropped</msg>
<msg timestamp="20230602 15:51:37.993" level="INFO">name pruned</msg>
<msg timestamp="20230602 15:51:38.005" level="INFO">glyf pruned</msg>
<msg timestamp="20230602 15:51:38.010" level="INFO">Added gid0 to subset</msg>
<msg timestamp="20230602 15:51:38.011" level="INFO">Added first four glyphs to subset</msg>
<msg timestamp="20230602 15:51:38.011" level="INFO">Closing glyph list over 'glyf': 18 glyphs before</msg>
<msg timestamp="20230602 15:51:38.011" level="INFO">Glyph names: ['.notdef', '.null', 'uni0020', 'uni0030', 'uni0031', 'uni0032', 'uni0033', 'uni0034', 'uni0035', 'uni0036', 'uni0037', 'uni0038', 'uni0039', 'uni0062', 'uni006E', 'uni007B', 'uni007D', 'uni00A0']</msg>
<msg timestamp="20230602 15:51:38.013" level="INFO">Glyph IDs:   [0, 1, 2, 3, 544, 727, 1256, 1257, 1258, 1260, 1261, 1262, 1264, 1265, 1266, 1267, 1307, 1308]</msg>
<msg timestamp="20230602 15:51:38.015" level="INFO">Closed glyph list over 'glyf': 18 glyphs after</msg>
<msg timestamp="20230602 15:51:38.016" level="INFO">Glyph names: ['.notdef', '.null', 'uni0020', 'uni0030', 'uni0031', 'uni0032', 'uni0033', 'uni0034', 'uni0035', 'uni0036', 'uni0037', 'uni0038', 'uni0039', 'uni0062', 'uni006E', 'uni007B', 'uni007D', 'uni00A0']</msg>
<msg timestamp="20230602 15:51:38.017" level="INFO">Glyph IDs:   [0, 1, 2, 3, 544, 727, 1256, 1257, 1258, 1260, 1261, 1262, 1264, 1265, 1266, 1267, 1307, 1308]</msg>
<msg timestamp="20230602 15:51:38.018" level="INFO">Retaining 18 glyphs</msg>
<msg timestamp="20230602 15:51:38.019" level="INFO">head subsetting not needed</msg>
<msg timestamp="20230602 15:51:38.019" level="INFO">hhea subsetting not needed</msg>
<msg timestamp="20230602 15:51:38.020" level="INFO">maxp subsetting not needed</msg>
<msg timestamp="20230602 15:51:38.020" level="INFO">OS/2 subsetting not needed</msg>
<msg timestamp="20230602 15:51:38.024" level="INFO">hmtx subsetted</msg>
<msg timestamp="20230602 15:51:38.026" level="INFO">cmap subsetted</msg>
<msg timestamp="20230602 15:51:38.026" level="INFO">loca subsetting not needed</msg>
<msg timestamp="20230602 15:51:38.027" level="INFO">post subsetted</msg>
<msg timestamp="20230602 15:51:38.027" level="INFO">name subsetting not needed</msg>
<msg timestamp="20230602 15:51:38.029" level="INFO">glyf subsetted</msg>
<msg timestamp="20230602 15:51:38.031" level="INFO">head pruned</msg>
<msg timestamp="20230602 15:51:38.033" level="INFO">OS/2 Unicode ranges pruned: [0]</msg>
<msg timestamp="20230602 15:51:38.034" level="INFO">glyf pruned</msg>
<msg timestamp="20230602 15:51:38.074" level="INFO">maxp pruned</msg>
<msg timestamp="20230602 15:51:38.075" level="INFO">cmap pruned</msg>
<msg timestamp="20230602 15:51:38.075" level="INFO">post pruned</msg>
<msg timestamp="20230602 15:51:38.075" level="INFO">GDEF dropped</msg>
<msg timestamp="20230602 15:51:38.075" level="INFO">GPOS dropped</msg>
<msg timestamp="20230602 15:51:38.075" level="INFO">GSUB dropped</msg>
<msg timestamp="20230602 15:51:38.078" level="INFO">name pruned</msg>
<msg timestamp="20230602 15:51:38.089" level="INFO">glyf pruned</msg>
<msg timestamp="20230602 15:51:38.098" level="INFO">Added gid0 to subset</msg>
<msg timestamp="20230602 15:51:38.099" level="INFO">Added first four glyphs to subset</msg>
<msg timestamp="20230602 15:51:38.099" level="INFO">Closing glyph list over 'glyf': 18 glyphs before</msg>
<msg timestamp="20230602 15:51:38.101" level="INFO">Glyph names: ['.notdef', '.null', 'uni0020', 'uni0030', 'uni0031', 'uni0032', 'uni0033', 'uni0034', 'uni0035', 'uni0036', 'uni0037', 'uni0038', 'uni0039', 'uni0062', 'uni006E', 'uni007B', 'uni007D', 'uni00A0']</msg>
<msg timestamp="20230602 15:51:38.102" level="INFO">Glyph IDs:   [0, 1, 2, 3, 544, 727, 1256, 1257, 1258, 1260, 1261, 1262, 1264, 1265, 1266, 1267, 1307, 1308]</msg>
<msg timestamp="20230602 15:51:38.102" level="INFO">Closed glyph list over 'glyf': 18 glyphs after</msg>
<msg timestamp="20230602 15:51:38.103" level="INFO">Glyph names: ['.notdef', '.null', 'uni0020', 'uni0030', 'uni0031', 'uni0032', 'uni0033', 'uni0034', 'uni0035', 'uni0036', 'uni0037', 'uni0038', 'uni0039', 'uni0062', 'uni006E', 'uni007B', 'uni007D', 'uni00A0']</msg>
<msg timestamp="20230602 15:51:38.103" level="INFO">Glyph IDs:   [0, 1, 2, 3, 544, 727, 1256, 1257, 1258, 1260, 1261, 1262, 1264, 1265, 1266, 1267, 1307, 1308]</msg>
<msg timestamp="20230602 15:51:38.104" level="INFO">Retaining 18 glyphs</msg>
<msg timestamp="20230602 15:51:38.105" level="INFO">head subsetting not needed</msg>
<msg timestamp="20230602 15:51:38.106" level="INFO">hhea subsetting not needed</msg>
<msg timestamp="20230602 15:51:38.106" level="INFO">maxp subsetting not needed</msg>
<msg timestamp="20230602 15:51:38.106" level="INFO">OS/2 subsetting not needed</msg>
<msg timestamp="20230602 15:51:38.109" level="INFO">hmtx subsetted</msg>
<msg timestamp="20230602 15:51:38.112" level="INFO">cmap subsetted</msg>
<msg timestamp="20230602 15:51:38.113" level="INFO">loca subsetting not needed</msg>
<msg timestamp="20230602 15:51:38.115" level="INFO">post subsetted</msg>
<msg timestamp="20230602 15:51:38.116" level="INFO">name subsetting not needed</msg>
<msg timestamp="20230602 15:51:38.118" level="INFO">glyf subsetted</msg>
<msg timestamp="20230602 15:51:38.119" level="INFO">head pruned</msg>
<msg timestamp="20230602 15:51:38.120" level="INFO">OS/2 Unicode ranges pruned: [0]</msg>
<msg timestamp="20230602 15:51:38.122" level="INFO">glyf pruned</msg>
<msg timestamp="20230602 15:51:38.195" level="INFO">${pdf} = None</msg>
<status status="PASS" starttime="20230602 15:51:37.313" endtime="20230602 15:51:38.195"/>
</kw>
<msg timestamp="20230602 15:51:38.198" level="INFO">${pdf} = receipts/2.pdf</msg>
<status status="PASS" starttime="20230602 15:51:37.153" endtime="20230602 15:51:38.200"/>
</kw>
<kw name="Embed the robot screenshot to the receipt PDF file">
<arg>${screenshot}</arg>
<arg>${pdf}</arg>
<arg>${order}</arg>
<kw name="Open Pdf" library="RPA.PDF">
<arg>${pdf}</arg>
<doc>Open a PDF document for reading.</doc>
<status status="PASS" starttime="20230602 15:51:38.203" endtime="20230602 15:51:38.243"/>
</kw>
<kw name="Add Watermark Image To Pdf" library="RPA.PDF">
<arg>image_path=${screenshot}</arg>
<arg>source_path=${pdf}</arg>
<arg>output_path=receipts/${order}[Order number].pdf</arg>
<doc>Add an image into an existing or new PDF.</doc>
<msg timestamp="20230602 15:51:38.374" level="WARN">Object 7 0 found</msg>
<msg timestamp="20230602 15:51:38.394" level="WARN">Overwriting cache for 0 7</msg>
<msg timestamp="20230602 15:51:38.461" level="WARN">Object 14 0 found</msg>
<msg timestamp="20230602 15:51:38.477" level="WARN">Overwriting cache for 0 14</msg>
<msg timestamp="20230602 15:51:38.542" level="WARN">Object 21 0 found</msg>
<msg timestamp="20230602 15:51:38.545" level="WARN">Overwriting cache for 0 21</msg>
<msg timestamp="20230602 15:51:38.625" level="WARN">Object 28 0 found</msg>
<msg timestamp="20230602 15:51:38.629" level="WARN">Overwriting cache for 0 28</msg>
<status status="PASS" starttime="20230602 15:51:38.244" endtime="20230602 15:51:38.673"/>
</kw>
<kw name="Close Pdf" library="RPA.PDF">
<doc>Close PDF file descriptor for a certain file.</doc>
<msg timestamp="20230602 15:51:38.676" level="INFO">Closing PDF document: E:\maa_code\RPA\certificat_niveau_2\receipts\2.pdf</msg>
<status status="PASS" starttime="20230602 15:51:38.674" endtime="20230602 15:51:38.677"/>
</kw>
<status status="PASS" starttime="20230602 15:51:38.201" endtime="20230602 15:51:38.677"/>
</kw>
<status status="PASS" starttime="20230602 15:51:31.947" endtime="20230602 15:51:38.678"/>
</kw>
<kw name="Order another Robot">
<kw name="Wait Until Element Is Visible" library="RPA.Browser.Selenium">
<arg>xpath:/html/body/div[1]/div/div[1]/div/div[1]/div/button</arg>
<doc>Waits until the element ``locator`` is visible.</doc>
<status status="PASS" starttime="20230602 15:51:38.680" endtime="20230602 15:51:38.737"/>
</kw>
<kw name="Click Element" library="RPA.Browser.Selenium">
<arg>xpath:/html/body/div[1]/div/div[1]/div/div[1]/div/button</arg>
<doc>Click the element identified by ``locator``.</doc>
<msg timestamp="20230602 15:51:38.738" level="INFO">Clicking element 'xpath:/html/body/div[1]/div/div[1]/div/div[1]/div/button'.</msg>
<status status="PASS" starttime="20230602 15:51:38.737" endtime="20230602 15:51:39.020"/>
</kw>
<status status="PASS" starttime="20230602 15:51:38.678" endtime="20230602 15:51:39.020"/>
</kw>
<status status="PASS" starttime="20230602 15:51:31.191" endtime="20230602 15:51:39.022"/>
</iter>
<iter>
<var name="${order}">{'Order number': '3', 'Head': '6', 'Body': '2', 'Legs': '3', 'Address': 'Address 789'}</var>
<kw name="Close the annoying modal">
<kw name="Click Element" library="RPA.Browser.Selenium">
<arg>xpath:/html/body/div[1]/div/div[2]/div/div/div/div/div/button[1]</arg>
<doc>Click the element identified by ``locator``.</doc>
<msg timestamp="20230602 15:51:39.025" level="INFO">Clicking element 'xpath:/html/body/div[1]/div/div[2]/div/div/div/div/div/button[1]'.</msg>
<status status="PASS" starttime="20230602 15:51:39.024" endtime="20230602 15:51:39.108"/>
</kw>
<status status="PASS" starttime="20230602 15:51:39.023" endtime="20230602 15:51:39.109"/>
</kw>
<kw name="Fill the from">
<arg>${order}</arg>
<kw name="Select From List By Value" library="RPA.Browser.Selenium">
<arg>xpath:/html/body/div[1]/div/div[1]/div/div[1]/form/div[1]/select</arg>
<arg>${orders}[Head]</arg>
<doc>Selects options from selection list ``locator`` by ``values``.</doc>
<msg timestamp="20230602 15:51:39.112" level="INFO">Selecting options from selection list 'xpath:/html/body/div[1]/div/div[1]/div/div[1]/form/div[1]/select' by value 6.</msg>
<status status="PASS" starttime="20230602 15:51:39.111" endtime="20230602 15:51:39.236"/>
</kw>
<kw name="Select Radio Button" library="RPA.Browser.Selenium">
<arg>body</arg>
<arg>${orders}[Body]</arg>
<doc>Sets the radio button group ``group_name`` to ``value``.</doc>
<msg timestamp="20230602 15:51:39.238" level="INFO">Selecting '2' from radio button 'body'.</msg>
<status status="PASS" starttime="20230602 15:51:39.237" endtime="20230602 15:51:39.336"/>
</kw>
<kw name="Input Text" library="RPA.Browser.Selenium">
<arg>xpath:/html/body/div[1]/div/div[1]/div/div[1]/form/div[3]/input</arg>
<arg>${orders}[Legs]</arg>
<doc>Types the given ``text`` into the text field identified by ``locator``.</doc>
<msg timestamp="20230602 15:51:39.338" level="INFO">Typing text '3' into text field 'xpath:/html/body/div[1]/div/div[1]/div/div[1]/form/div[3]/input'.</msg>
<status status="PASS" starttime="20230602 15:51:39.337" endtime="20230602 15:51:39.475"/>
</kw>
<kw name="Input Text" library="RPA.Browser.Selenium">
<arg>xpath:/html/body/div[1]/div/div[1]/div/div[1]/form/div[4]/input</arg>
<arg>${orders}[Address]</arg>
<doc>Types the given ``text`` into the text field identified by ``locator``.</doc>
<msg timestamp="20230602 15:51:39.477" level="INFO">Typing text 'Address 789' into text field 'xpath:/html/body/div[1]/div/div[1]/div/div[1]/form/div[4]/input'.</msg>
<status status="PASS" starttime="20230602 15:51:39.476" endtime="20230602 15:51:39.643"/>
</kw>
<kw name="Click Element" library="RPA.Browser.Selenium">
<arg>xpath:/html/body/div[1]/div/div[1]/div/div[1]/form/button[1]</arg>
<doc>Click the element identified by ``locator``.</doc>
<msg timestamp="20230602 15:51:39.644" level="INFO">Clicking element 'xpath:/html/body/div[1]/div/div[1]/div/div[1]/form/button[1]'.</msg>
<status status="PASS" starttime="20230602 15:51:39.644" endtime="20230602 15:51:39.735"/>
</kw>
<kw name="Wait Until Keyword Succeeds" library="BuiltIn">
<arg>10</arg>
<arg>0.5s</arg>
<arg>Send form</arg>
<doc>Runs the specified keyword and retries if it fails.</doc>
<kw name="Send form">
<kw name="Click Element" library="RPA.Browser.Selenium">
<arg>xpath:/html/body/div[1]/div/div[1]/div/div[1]/form/button[2]</arg>
<doc>Click the element identified by ``locator``.</doc>
<msg timestamp="20230602 15:51:39.740" level="INFO">Clicking element 'xpath:/html/body/div[1]/div/div[1]/div/div[1]/form/button[2]'.</msg>
<status status="PASS" starttime="20230602 15:51:39.739" endtime="20230602 15:51:39.881"/>
</kw>
<status status="PASS" starttime="20230602 15:51:39.738" endtime="20230602 15:51:39.882"/>
</kw>
<status status="PASS" starttime="20230602 15:51:39.736" endtime="20230602 15:51:39.883"/>
</kw>
<status status="PASS" starttime="20230602 15:51:39.109" endtime="20230602 15:51:39.883"/>
</kw>
<kw name="Download and Store the receipt">
<arg>${order}</arg>
<kw name="Sleep" library="BuiltIn">
<arg>5</arg>
<doc>Pauses the test executed for the given time.</doc>
<msg timestamp="20230602 15:51:44.895" level="INFO">Slept 5 seconds</msg>
<status status="PASS" starttime="20230602 15:51:39.885" endtime="20230602 15:51:44.898"/>
</kw>
<kw name="Take a screenshot of the robot">
<var>${screenshot}</var>
<arg>${order}[Order number]</arg>
<kw name="Capture Element Screenshot" library="RPA.Browser.Selenium">
<var>${screenshot}</var>
<arg>xpath://*[@id="robot-preview-image"]</arg>
<arg>screenshot/${orders}.png</arg>
<doc>Captures a screenshot from the element identified by ``locator`` and embeds it into log file.</doc>
<msg timestamp="20230602 15:51:45.060" level="INFO" html="true">&lt;/td&gt;&lt;/tr&gt;&lt;tr&gt;&lt;td colspan="3"&gt;&lt;a href="screenshot/3.png"&gt;&lt;img src="screenshot/3.png" width="400px"&gt;&lt;/a&gt;</msg>
<msg timestamp="20230602 15:51:45.061" level="INFO">${screenshot} = E:\maa_code\RPA\certificat_niveau_2\screenshot\3.png</msg>
<status status="PASS" starttime="20230602 15:51:44.899" endtime="20230602 15:51:45.062"/>
</kw>
<msg timestamp="20230602 15:51:45.063" level="INFO">${screenshot} = E:\maa_code\RPA\certificat_niveau_2\screenshot\3.png</msg>
<status status="PASS" starttime="20230602 15:51:44.898" endtime="20230602 15:51:45.064"/>
</kw>
<kw name="Store the receipt as a PDF file">
<var>${pdf}</var>
<arg>${order}[Order number]</arg>
<kw name="Wait Until Element Is Visible" library="RPA.Browser.Selenium">
<arg>xpath:/html/body/div[1]/div/div[1]/div/div[1]/div/div</arg>
<doc>Waits until the element ``locator`` is visible.</doc>
<status status="PASS" starttime="20230602 15:51:45.066" endtime="20230602 15:51:45.095"/>
</kw>
<kw name="Get Element Attribute" library="RPA.Browser.Selenium">
<var>${receipt}</var>
<arg>xpath:/html/body/div[1]/div/div[1]/div/div[1]/div/div</arg>
<arg>outerHTML</arg>
<doc>Returns the value of ``attribute`` from the element ``locator``.</doc>
<msg timestamp="20230602 15:51:45.122" level="INFO">${receipt} = &lt;div id="receipt" class="alert alert-success" role="alert"&gt;&lt;h3&gt;Receipt&lt;/h3&gt;&lt;div&gt;2023-06-02T15:51:41.103Z&lt;/div&gt;&lt;p class="badge badge-success"&gt;RSB-ROBO-ORDER-U74Y5RUL2E&lt;/p&gt;&lt;p&gt;Address 789&lt;/p&gt;&lt;div id="par...</msg>
<status status="PASS" starttime="20230602 15:51:45.097" endtime="20230602 15:51:45.122"/>
</kw>
<kw name="Html To Pdf" library="RPA.PDF">
<var>${pdf}</var>
<arg>${receipt}</arg>
<arg>receipts/${orders}.pdf</arg>
<doc>Generate a PDF file from HTML content.</doc>
<msg timestamp="20230602 15:51:45.125" level="INFO">Writing output to file E:\maa_code\RPA\certificat_niveau_2\receipts\3.pdf</msg>
<msg timestamp="20230602 15:51:45.341" level="INFO">maxp pruned</msg>
<msg timestamp="20230602 15:51:45.342" level="INFO">cmap pruned</msg>
<msg timestamp="20230602 15:51:45.343" level="INFO">post pruned</msg>
<msg timestamp="20230602 15:51:45.343" level="INFO">GDEF dropped</msg>
<msg timestamp="20230602 15:51:45.345" level="INFO">GPOS dropped</msg>
<msg timestamp="20230602 15:51:45.345" level="INFO">GSUB dropped</msg>
<msg timestamp="20230602 15:51:45.349" level="INFO">name pruned</msg>
<msg timestamp="20230602 15:51:45.358" level="INFO">glyf pruned</msg>
<msg timestamp="20230602 15:51:45.359" level="INFO">Added gid0 to subset</msg>
<msg timestamp="20230602 15:51:45.360" level="INFO">Added first four glyphs to subset</msg>
<msg timestamp="20230602 15:51:45.360" level="INFO">Closing glyph list over 'glyf': 56 glyphs before</msg>
<msg timestamp="20230602 15:51:45.360" level="INFO">Glyph names: ['.notdef', '.null', 'uni0020', 'uni0021', 'uni002D', 'uni002E', 'uni0030', 'uni0031', 'uni0032', 'uni0033', 'uni0034', 'uni0035', 'uni0036', 'uni0037', 'uni0038', 'uni0039', 'uni003A', 'uni0041', 'uni0042', 'uni0044', 'uni0045', 'uni0048', 'uni004C', 'uni004F', 'uni0052', 'uni0053', 'uni0054', 'uni0055', 'uni0057', 'uni0059', 'uni005A', 'uni0061', 'uni0062', 'uni0063', 'uni0064', 'uni0065', 'uni0066', 'uni0067', 'uni0068', 'uni0069', 'uni006B', 'uni006C', 'uni006D', 'uni006E', 'uni006F', 'uni0070', 'uni0072', 'uni0073', 'uni0074', 'uni0075', 'uni0076', 'uni0077', 'uni0079', 'uni007B', 'uni007D', 'uni00C4']</msg>
<msg timestamp="20230602 15:51:45.363" level="INFO">Glyph IDs:   [0, 1, 2, 3, 65, 84, 95, 161, 280, 320, 382, 395, 409, 421, 456, 469, 493, 504, 575, 582, 594, 612, 645, 650, 660, 679, 715, 723, 752, 759, 775, 827, 837, 867, 884, 899, 932, 936, 950, 1294, 1295, 1296, 1298, 1299, 1300, 1302, 1303, 1304, 1305, 1329, 1345, 1346, 1361, 1404, 1407, 1681]</msg>
<msg timestamp="20230602 15:51:45.363" level="INFO">Closed glyph list over 'glyf': 56 glyphs after</msg>
<msg timestamp="20230602 15:51:45.364" level="INFO">Glyph names: ['.notdef', '.null', 'uni0020', 'uni0021', 'uni002D', 'uni002E', 'uni0030', 'uni0031', 'uni0032', 'uni0033', 'uni0034', 'uni0035', 'uni0036', 'uni0037', 'uni0038', 'uni0039', 'uni003A', 'uni0041', 'uni0042', 'uni0044', 'uni0045', 'uni0048', 'uni004C', 'uni004F', 'uni0052', 'uni0053', 'uni0054', 'uni0055', 'uni0057', 'uni0059', 'uni005A', 'uni0061', 'uni0062', 'uni0063', 'uni0064', 'uni0065', 'uni0066', 'uni0067', 'uni0068', 'uni0069', 'uni006B', 'uni006C', 'uni006D', 'uni006E', 'uni006F', 'uni0070', 'uni0072', 'uni0073', 'uni0074', 'uni0075', 'uni0076', 'uni0077', 'uni0079', 'uni007B', 'uni007D', 'uni00C4']</msg>
<msg timestamp="20230602 15:51:45.365" level="INFO">Glyph IDs:   [0, 1, 2, 3, 65, 84, 95, 161, 280, 320, 382, 395, 409, 421, 456, 469, 493, 504, 575, 582, 594, 612, 645, 650, 660, 679, 715, 723, 752, 759, 775, 827, 837, 867, 884, 899, 932, 936, 950, 1294, 1295, 1296, 1298, 1299, 1300, 1302, 1303, 1304, 1305, 1329, 1345, 1346, 1361, 1404, 1407, 1681]</msg>
<msg timestamp="20230602 15:51:45.366" level="INFO">Retaining 56 glyphs</msg>
<msg timestamp="20230602 15:51:45.368" level="INFO">head subsetting not needed</msg>
<msg timestamp="20230602 15:51:45.368" level="INFO">hhea subsetting not needed</msg>
<msg timestamp="20230602 15:51:45.369" level="INFO">maxp subsetting not needed</msg>
<msg timestamp="20230602 15:51:45.369" level="INFO">OS/2 subsetting not needed</msg>
<msg timestamp="20230602 15:51:45.372" level="INFO">hmtx subsetted</msg>
<msg timestamp="20230602 15:51:45.375" level="INFO">cmap subsetted</msg>
<msg timestamp="20230602 15:51:45.375" level="INFO">prep subsetting not needed</msg>
<msg timestamp="20230602 15:51:45.375" level="INFO">loca subsetting not needed</msg>
<msg timestamp="20230602 15:51:45.376" level="INFO">post subsetted</msg>
<msg timestamp="20230602 15:51:45.376" level="INFO">gasp subsetting not needed</msg>
<msg timestamp="20230602 15:51:45.376" level="INFO">STAT subsetting not needed</msg>
<msg timestamp="20230602 15:51:45.376" level="INFO">name subsetting not needed</msg>
<msg timestamp="20230602 15:51:45.381" level="INFO">glyf subsetted</msg>
<msg timestamp="20230602 15:51:45.382" level="INFO">head pruned</msg>
<msg timestamp="20230602 15:51:45.383" level="INFO">OS/2 Unicode ranges pruned: [0]</msg>
<msg timestamp="20230602 15:51:45.385" level="INFO">glyf pruned</msg>
<msg timestamp="20230602 15:51:45.452" level="INFO">maxp pruned</msg>
<msg timestamp="20230602 15:51:45.453" level="INFO">cmap pruned</msg>
<msg timestamp="20230602 15:51:45.453" level="INFO">post pruned</msg>
<msg timestamp="20230602 15:51:45.454" level="INFO">GDEF dropped</msg>
<msg timestamp="20230602 15:51:45.454" level="INFO">GPOS dropped</msg>
<msg timestamp="20230602 15:51:45.454" level="INFO">GSUB dropped</msg>
<msg timestamp="20230602 15:51:45.456" level="INFO">name pruned</msg>
<msg timestamp="20230602 15:51:45.465" level="INFO">glyf pruned</msg>
<msg timestamp="20230602 15:51:45.467" level="INFO">Added gid0 to subset</msg>
<msg timestamp="20230602 15:51:45.467" level="INFO">Added first four glyphs to subset</msg>
<msg timestamp="20230602 15:51:45.467" level="INFO">Closing glyph list over 'glyf': 19 glyphs before</msg>
<msg timestamp="20230602 15:51:45.468" level="INFO">Glyph names: ['.notdef', '.null', 'uni0020', 'uni0030', 'uni0031', 'uni0032', 'uni0033', 'uni0034', 'uni0035', 'uni0036', 'uni0037', 'uni0038', 'uni0039', 'uni0041', 'uni0062', 'uni006E', 'uni007B', 'uni007D', 'uni00C4']</msg>
<msg timestamp="20230602 15:51:45.469" level="INFO">Glyph IDs:   [0, 1, 2, 3, 575, 759, 1294, 1295, 1296, 1298, 1299, 1300, 1302, 1303, 1304, 1305, 1345, 1346, 1681]</msg>
<msg timestamp="20230602 15:51:45.469" level="INFO">Closed glyph list over 'glyf': 19 glyphs after</msg>
<msg timestamp="20230602 15:51:45.470" level="INFO">Glyph names: ['.notdef', '.null', 'uni0020', 'uni0030', 'uni0031', 'uni0032', 'uni0033', 'uni0034', 'uni0035', 'uni0036', 'uni0037', 'uni0038', 'uni0039', 'uni0041', 'uni0062', 'uni006E', 'uni007B', 'uni007D', 'uni00C4']</msg>
<msg timestamp="20230602 15:51:45.471" level="INFO">Glyph IDs:   [0, 1, 2, 3, 575, 759, 1294, 1295, 1296, 1298, 1299, 1300, 1302, 1303, 1304, 1305, 1345, 1346, 1681]</msg>
<msg timestamp="20230602 15:51:45.472" level="INFO">Retaining 19 glyphs</msg>
<msg timestamp="20230602 15:51:45.472" level="INFO">head subsetting not needed</msg>
<msg timestamp="20230602 15:51:45.474" level="INFO">hhea subsetting not needed</msg>
<msg timestamp="20230602 15:51:45.474" level="INFO">maxp subsetting not needed</msg>
<msg timestamp="20230602 15:51:45.475" level="INFO">OS/2 subsetting not needed</msg>
<msg timestamp="20230602 15:51:45.480" level="INFO">hmtx subsetted</msg>
<msg timestamp="20230602 15:51:45.483" level="INFO">cmap subsetted</msg>
<msg timestamp="20230602 15:51:45.484" level="INFO">prep subsetting not needed</msg>
<msg timestamp="20230602 15:51:45.484" level="INFO">loca subsetting not needed</msg>
<msg timestamp="20230602 15:51:45.484" level="INFO">post subsetted</msg>
<msg timestamp="20230602 15:51:45.485" level="INFO">gasp subsetting not needed</msg>
<msg timestamp="20230602 15:51:45.485" level="INFO">STAT subsetting not needed</msg>
<msg timestamp="20230602 15:51:45.486" level="INFO">name subsetting not needed</msg>
<msg timestamp="20230602 15:51:45.488" level="INFO">glyf subsetted</msg>
<msg timestamp="20230602 15:51:45.488" level="INFO">head pruned</msg>
<msg timestamp="20230602 15:51:45.490" level="INFO">OS/2 Unicode ranges pruned: [0]</msg>
<msg timestamp="20230602 15:51:45.492" level="INFO">glyf pruned</msg>
<msg timestamp="20230602 15:51:45.592" level="INFO">maxp pruned</msg>
<msg timestamp="20230602 15:51:45.593" level="INFO">cmap pruned</msg>
<msg timestamp="20230602 15:51:45.594" level="INFO">post pruned</msg>
<msg timestamp="20230602 15:51:45.595" level="INFO">GDEF dropped</msg>
<msg timestamp="20230602 15:51:45.596" level="INFO">GPOS dropped</msg>
<msg timestamp="20230602 15:51:45.597" level="INFO">GSUB dropped</msg>
<msg timestamp="20230602 15:51:45.598" level="INFO">name pruned</msg>
<msg timestamp="20230602 15:51:45.608" level="INFO">glyf pruned</msg>
<msg timestamp="20230602 15:51:45.617" level="INFO">Added gid0 to subset</msg>
<msg timestamp="20230602 15:51:45.618" level="INFO">Added first four glyphs to subset</msg>
<msg timestamp="20230602 15:51:45.618" level="INFO">Closing glyph list over 'glyf': 18 glyphs before</msg>
<msg timestamp="20230602 15:51:45.618" level="INFO">Glyph names: ['.notdef', '.null', 'uni0020', 'uni0030', 'uni0031', 'uni0032', 'uni0033', 'uni0034', 'uni0035', 'uni0036', 'uni0037', 'uni0038', 'uni0039', 'uni0062', 'uni006E', 'uni007B', 'uni007D', 'uni00A0']</msg>
<msg timestamp="20230602 15:51:45.619" level="INFO">Glyph IDs:   [0, 1, 2, 3, 544, 727, 1256, 1257, 1258, 1260, 1261, 1262, 1264, 1265, 1266, 1267, 1307, 1308]</msg>
<msg timestamp="20230602 15:51:45.619" level="INFO">Closed glyph list over 'glyf': 18 glyphs after</msg>
<msg timestamp="20230602 15:51:45.620" level="INFO">Glyph names: ['.notdef', '.null', 'uni0020', 'uni0030', 'uni0031', 'uni0032', 'uni0033', 'uni0034', 'uni0035', 'uni0036', 'uni0037', 'uni0038', 'uni0039', 'uni0062', 'uni006E', 'uni007B', 'uni007D', 'uni00A0']</msg>
<msg timestamp="20230602 15:51:45.620" level="INFO">Glyph IDs:   [0, 1, 2, 3, 544, 727, 1256, 1257, 1258, 1260, 1261, 1262, 1264, 1265, 1266, 1267, 1307, 1308]</msg>
<msg timestamp="20230602 15:51:45.621" level="INFO">Retaining 18 glyphs</msg>
<msg timestamp="20230602 15:51:45.621" level="INFO">head subsetting not needed</msg>
<msg timestamp="20230602 15:51:45.622" level="INFO">hhea subsetting not needed</msg>
<msg timestamp="20230602 15:51:45.622" level="INFO">maxp subsetting not needed</msg>
<msg timestamp="20230602 15:51:45.622" level="INFO">OS/2 subsetting not needed</msg>
<msg timestamp="20230602 15:51:45.625" level="INFO">hmtx subsetted</msg>
<msg timestamp="20230602 15:51:45.629" level="INFO">cmap subsetted</msg>
<msg timestamp="20230602 15:51:45.630" level="INFO">loca subsetting not needed</msg>
<msg timestamp="20230602 15:51:45.630" level="INFO">post subsetted</msg>
<msg timestamp="20230602 15:51:45.631" level="INFO">name subsetting not needed</msg>
<msg timestamp="20230602 15:51:45.633" level="INFO">glyf subsetted</msg>
<msg timestamp="20230602 15:51:45.634" level="INFO">head pruned</msg>
<msg timestamp="20230602 15:51:45.635" level="INFO">OS/2 Unicode ranges pruned: [0]</msg>
<msg timestamp="20230602 15:51:45.636" level="INFO">glyf pruned</msg>
<msg timestamp="20230602 15:51:45.693" level="INFO">maxp pruned</msg>
<msg timestamp="20230602 15:51:45.696" level="INFO">cmap pruned</msg>
<msg timestamp="20230602 15:51:45.697" level="INFO">post pruned</msg>
<msg timestamp="20230602 15:51:45.698" level="INFO">GDEF dropped</msg>
<msg timestamp="20230602 15:51:45.698" level="INFO">GPOS dropped</msg>
<msg timestamp="20230602 15:51:45.699" level="INFO">GSUB dropped</msg>
<msg timestamp="20230602 15:51:45.700" level="INFO">name pruned</msg>
<msg timestamp="20230602 15:51:45.710" level="INFO">glyf pruned</msg>
<msg timestamp="20230602 15:51:45.719" level="INFO">Added gid0 to subset</msg>
<msg timestamp="20230602 15:51:45.719" level="INFO">Added first four glyphs to subset</msg>
<msg timestamp="20230602 15:51:45.720" level="INFO">Closing glyph list over 'glyf': 18 glyphs before</msg>
<msg timestamp="20230602 15:51:45.720" level="INFO">Glyph names: ['.notdef', '.null', 'uni0020', 'uni0030', 'uni0031', 'uni0032', 'uni0033', 'uni0034', 'uni0035', 'uni0036', 'uni0037', 'uni0038', 'uni0039', 'uni0062', 'uni006E', 'uni007B', 'uni007D', 'uni00A0']</msg>
<msg timestamp="20230602 15:51:45.721" level="INFO">Glyph IDs:   [0, 1, 2, 3, 544, 727, 1256, 1257, 1258, 1260, 1261, 1262, 1264, 1265, 1266, 1267, 1307, 1308]</msg>
<msg timestamp="20230602 15:51:45.722" level="INFO">Closed glyph list over 'glyf': 18 glyphs after</msg>
<msg timestamp="20230602 15:51:45.722" level="INFO">Glyph names: ['.notdef', '.null', 'uni0020', 'uni0030', 'uni0031', 'uni0032', 'uni0033', 'uni0034', 'uni0035', 'uni0036', 'uni0037', 'uni0038', 'uni0039', 'uni0062', 'uni006E', 'uni007B', 'uni007D', 'uni00A0']</msg>
<msg timestamp="20230602 15:51:45.722" level="INFO">Glyph IDs:   [0, 1, 2, 3, 544, 727, 1256, 1257, 1258, 1260, 1261, 1262, 1264, 1265, 1266, 1267, 1307, 1308]</msg>
<msg timestamp="20230602 15:51:45.723" level="INFO">Retaining 18 glyphs</msg>
<msg timestamp="20230602 15:51:45.724" level="INFO">head subsetting not needed</msg>
<msg timestamp="20230602 15:51:45.725" level="INFO">hhea subsetting not needed</msg>
<msg timestamp="20230602 15:51:45.725" level="INFO">maxp subsetting not needed</msg>
<msg timestamp="20230602 15:51:45.725" level="INFO">OS/2 subsetting not needed</msg>
<msg timestamp="20230602 15:51:45.730" level="INFO">hmtx subsetted</msg>
<msg timestamp="20230602 15:51:45.733" level="INFO">cmap subsetted</msg>
<msg timestamp="20230602 15:51:45.733" level="INFO">loca subsetting not needed</msg>
<msg timestamp="20230602 15:51:45.734" level="INFO">post subsetted</msg>
<msg timestamp="20230602 15:51:45.734" level="INFO">name subsetting not needed</msg>
<msg timestamp="20230602 15:51:45.736" level="INFO">glyf subsetted</msg>
<msg timestamp="20230602 15:51:45.736" level="INFO">head pruned</msg>
<msg timestamp="20230602 15:51:45.738" level="INFO">OS/2 Unicode ranges pruned: [0]</msg>
<msg timestamp="20230602 15:51:45.738" level="INFO">glyf pruned</msg>
<msg timestamp="20230602 15:51:45.800" level="INFO">${pdf} = None</msg>
<status status="PASS" starttime="20230602 15:51:45.123" endtime="20230602 15:51:45.801"/>
</kw>
<msg timestamp="20230602 15:51:45.802" level="INFO">${pdf} = receipts/3.pdf</msg>
<status status="PASS" starttime="20230602 15:51:45.065" endtime="20230602 15:51:45.802"/>
</kw>
<kw name="Embed the robot screenshot to the receipt PDF file">
<arg>${screenshot}</arg>
<arg>${pdf}</arg>
<arg>${order}</arg>
<kw name="Open Pdf" library="RPA.PDF">
<arg>${pdf}</arg>
<doc>Open a PDF document for reading.</doc>
<status status="PASS" starttime="20230602 15:51:45.805" endtime="20230602 15:51:45.884"/>
</kw>
<kw name="Add Watermark Image To Pdf" library="RPA.PDF">
<arg>image_path=${screenshot}</arg>
<arg>source_path=${pdf}</arg>
<arg>output_path=receipts/${order}[Order number].pdf</arg>
<doc>Add an image into an existing or new PDF.</doc>
<msg timestamp="20230602 15:51:45.983" level="WARN">Object 7 0 found</msg>
<msg timestamp="20230602 15:51:45.986" level="WARN">Overwriting cache for 0 7</msg>
<msg timestamp="20230602 15:51:45.993" level="WARN">Object 14 0 found</msg>
<msg timestamp="20230602 15:51:45.998" level="WARN">Overwriting cache for 0 14</msg>
<msg timestamp="20230602 15:51:46.007" level="WARN">Object 21 0 found</msg>
<msg timestamp="20230602 15:51:46.018" level="WARN">Overwriting cache for 0 21</msg>
<msg timestamp="20230602 15:51:46.025" level="WARN">Object 28 0 found</msg>
<msg timestamp="20230602 15:51:46.027" level="WARN">Overwriting cache for 0 28</msg>
<status status="PASS" starttime="20230602 15:51:45.884" endtime="20230602 15:51:46.043"/>
</kw>
<kw name="Close Pdf" library="RPA.PDF">
<doc>Close PDF file descriptor for a certain file.</doc>
<msg timestamp="20230602 15:51:46.048" level="INFO">Closing PDF document: E:\maa_code\RPA\certificat_niveau_2\receipts\3.pdf</msg>
<status status="PASS" starttime="20230602 15:51:46.047" endtime="20230602 15:51:46.050"/>
</kw>
<status status="PASS" starttime="20230602 15:51:45.803" endtime="20230602 15:51:46.050"/>
</kw>
<status status="PASS" starttime="20230602 15:51:39.884" endtime="20230602 15:51:46.051"/>
</kw>
<kw name="Order another Robot">
<kw name="Wait Until Element Is Visible" library="RPA.Browser.Selenium">
<arg>xpath:/html/body/div[1]/div/div[1]/div/div[1]/div/button</arg>
<doc>Waits until the element ``locator`` is visible.</doc>
<status status="PASS" starttime="20230602 15:51:46.052" endtime="20230602 15:51:46.086"/>
</kw>
<kw name="Click Element" library="RPA.Browser.Selenium">
<arg>xpath:/html/body/div[1]/div/div[1]/div/div[1]/div/button</arg>
<doc>Click the element identified by ``locator``.</doc>
<msg timestamp="20230602 15:51:46.088" level="INFO">Clicking element 'xpath:/html/body/div[1]/div/div[1]/div/div[1]/div/button'.</msg>
<status status="PASS" starttime="20230602 15:51:46.087" endtime="20230602 15:51:46.358"/>
</kw>
<status status="PASS" starttime="20230602 15:51:46.051" endtime="20230602 15:51:46.359"/>
</kw>
<status status="PASS" starttime="20230602 15:51:39.023" endtime="20230602 15:51:46.360"/>
</iter>
<iter>
<var name="${order}">{'Order number': '4', 'Head': '2', 'Body': '3', 'Legs': '2', 'Address': 'Address 1'}</var>
<kw name="Close the annoying modal">
<kw name="Click Element" library="RPA.Browser.Selenium">
<arg>xpath:/html/body/div[1]/div/div[2]/div/div/div/div/div/button[1]</arg>
<doc>Click the element identified by ``locator``.</doc>
<msg timestamp="20230602 15:51:46.368" level="INFO">Clicking element 'xpath:/html/body/div[1]/div/div[2]/div/div/div/div/div/button[1]'.</msg>
<status status="PASS" starttime="20230602 15:51:46.365" endtime="20230602 15:51:46.435"/>
</kw>
<status status="PASS" starttime="20230602 15:51:46.363" endtime="20230602 15:51:46.435"/>
</kw>
<kw name="Fill the from">
<arg>${order}</arg>
<kw name="Select From List By Value" library="RPA.Browser.Selenium">
<arg>xpath:/html/body/div[1]/div/div[1]/div/div[1]/form/div[1]/select</arg>
<arg>${orders}[Head]</arg>
<doc>Selects options from selection list ``locator`` by ``values``.</doc>
<msg timestamp="20230602 15:51:46.437" level="INFO">Selecting options from selection list 'xpath:/html/body/div[1]/div/div[1]/div/div[1]/form/div[1]/select' by value 2.</msg>
<status status="PASS" starttime="20230602 15:51:46.437" endtime="20230602 15:51:46.575"/>
</kw>
<kw name="Select Radio Button" library="RPA.Browser.Selenium">
<arg>body</arg>
<arg>${orders}[Body]</arg>
<doc>Sets the radio button group ``group_name`` to ``value``.</doc>
<msg timestamp="20230602 15:51:46.577" level="INFO">Selecting '3' from radio button 'body'.</msg>
<status status="PASS" starttime="20230602 15:51:46.575" endtime="20230602 15:51:46.700"/>
</kw>
<kw name="Input Text" library="RPA.Browser.Selenium">
<arg>xpath:/html/body/div[1]/div/div[1]/div/div[1]/form/div[3]/input</arg>
<arg>${orders}[Legs]</arg>
<doc>Types the given ``text`` into the text field identified by ``locator``.</doc>
<msg timestamp="20230602 15:51:46.702" level="INFO">Typing text '2' into text field 'xpath:/html/body/div[1]/div/div[1]/div/div[1]/form/div[3]/input'.</msg>
<status status="PASS" starttime="20230602 15:51:46.700" endtime="20230602 15:51:46.830"/>
</kw>
<kw name="Input Text" library="RPA.Browser.Selenium">
<arg>xpath:/html/body/div[1]/div/div[1]/div/div[1]/form/div[4]/input</arg>
<arg>${orders}[Address]</arg>
<doc>Types the given ``text`` into the text field identified by ``locator``.</doc>
<msg timestamp="20230602 15:51:46.833" level="INFO">Typing text 'Address 1' into text field 'xpath:/html/body/div[1]/div/div[1]/div/div[1]/form/div[4]/input'.</msg>
<status status="PASS" starttime="20230602 15:51:46.831" endtime="20230602 15:51:46.972"/>
</kw>
<kw name="Click Element" library="RPA.Browser.Selenium">
<arg>xpath:/html/body/div[1]/div/div[1]/div/div[1]/form/button[1]</arg>
<doc>Click the element identified by ``locator``.</doc>
<msg timestamp="20230602 15:51:46.975" level="INFO">Clicking element 'xpath:/html/body/div[1]/div/div[1]/div/div[1]/form/button[1]'.</msg>
<status status="PASS" starttime="20230602 15:51:46.973" endtime="20230602 15:51:47.059"/>
</kw>
<kw name="Wait Until Keyword Succeeds" library="BuiltIn">
<arg>10</arg>
<arg>0.5s</arg>
<arg>Send form</arg>
<doc>Runs the specified keyword and retries if it fails.</doc>
<kw name="Send form">
<kw name="Click Element" library="RPA.Browser.Selenium">
<arg>xpath:/html/body/div[1]/div/div[1]/div/div[1]/form/button[2]</arg>
<doc>Click the element identified by ``locator``.</doc>
<msg timestamp="20230602 15:51:47.064" level="INFO">Clicking element 'xpath:/html/body/div[1]/div/div[1]/div/div[1]/form/button[2]'.</msg>
<status status="PASS" starttime="20230602 15:51:47.063" endtime="20230602 15:51:47.140"/>
</kw>
<status status="PASS" starttime="20230602 15:51:47.060" endtime="20230602 15:51:47.140"/>
</kw>
<status status="PASS" starttime="20230602 15:51:47.059" endtime="20230602 15:51:47.141"/>
</kw>
<status status="PASS" starttime="20230602 15:51:46.436" endtime="20230602 15:51:47.142"/>
</kw>
<kw name="Download and Store the receipt">
<arg>${order}</arg>
<kw name="Sleep" library="BuiltIn">
<arg>5</arg>
<doc>Pauses the test executed for the given time.</doc>
<msg timestamp="20230602 15:51:52.155" level="INFO">Slept 5 seconds</msg>
<status status="PASS" starttime="20230602 15:51:47.148" endtime="20230602 15:51:52.155"/>
</kw>
<kw name="Take a screenshot of the robot">
<var>${screenshot}</var>
<arg>${order}[Order number]</arg>
<kw name="Capture Element Screenshot" library="RPA.Browser.Selenium">
<var>${screenshot}</var>
<arg>xpath://*[@id="robot-preview-image"]</arg>
<arg>screenshot/${orders}.png</arg>
<doc>Captures a screenshot from the element identified by ``locator`` and embeds it into log file.</doc>
<msg timestamp="20230602 15:51:52.319" level="INFO" html="true">&lt;/td&gt;&lt;/tr&gt;&lt;tr&gt;&lt;td colspan="3"&gt;&lt;a href="screenshot/4.png"&gt;&lt;img src="screenshot/4.png" width="400px"&gt;&lt;/a&gt;</msg>
<msg timestamp="20230602 15:51:52.319" level="INFO">${screenshot} = E:\maa_code\RPA\certificat_niveau_2\screenshot\4.png</msg>
<status status="PASS" starttime="20230602 15:51:52.157" endtime="20230602 15:51:52.320"/>
</kw>
<msg timestamp="20230602 15:51:52.320" level="INFO">${screenshot} = E:\maa_code\RPA\certificat_niveau_2\screenshot\4.png</msg>
<status status="PASS" starttime="20230602 15:51:52.156" endtime="20230602 15:51:52.320"/>
</kw>
<kw name="Store the receipt as a PDF file">
<var>${pdf}</var>
<arg>${order}[Order number]</arg>
<kw name="Wait Until Element Is Visible" library="RPA.Browser.Selenium">
<arg>xpath:/html/body/div[1]/div/div[1]/div/div[1]/div/div</arg>
<doc>Waits until the element ``locator`` is visible.</doc>
<status status="PASS" starttime="20230602 15:51:52.322" endtime="20230602 15:51:52.356"/>
</kw>
<kw name="Get Element Attribute" library="RPA.Browser.Selenium">
<var>${receipt}</var>
<arg>xpath:/html/body/div[1]/div/div[1]/div/div[1]/div/div</arg>
<arg>outerHTML</arg>
<doc>Returns the value of ``attribute`` from the element ``locator``.</doc>
<msg timestamp="20230602 15:51:52.390" level="INFO">${receipt} = &lt;div id="receipt" class="alert alert-success" role="alert"&gt;&lt;h3&gt;Receipt&lt;/h3&gt;&lt;div&gt;2023-06-02T15:51:47.130Z&lt;/div&gt;&lt;p class="badge badge-success"&gt;RSB-ROBO-ORDER-I0UKQZKEFQ&lt;/p&gt;&lt;p&gt;Address 1&lt;/p&gt;&lt;div id="parts...</msg>
<status status="PASS" starttime="20230602 15:51:52.357" endtime="20230602 15:51:52.391"/>
</kw>
<kw name="Html To Pdf" library="RPA.PDF">
<var>${pdf}</var>
<arg>${receipt}</arg>
<arg>receipts/${orders}.pdf</arg>
<doc>Generate a PDF file from HTML content.</doc>
[...]
<msg timestamp="20230602 15:53:50.370" level="INFO">glyf pruned</msg>
<msg timestamp="20230602 15:53:50.390" level="INFO">Added gid0 to subset</msg>
<msg timestamp="20230602 15:53:50.391" level="INFO">Added first four glyphs to subset</msg>
<msg timestamp="20230602 15:53:50.391" level="INFO">Closing glyph list over 'glyf': 18 glyphs before</msg>
<msg timestamp="20230602 15:53:50.391" level="INFO">Glyph names: ['.notdef', '.null', 'uni0020', 'uni0030', 'uni0031', 'uni0032', 'uni0033', 'uni0034', 'uni0035', 'uni0036', 'uni0037', 'uni0038', 'uni0039', 'uni0062', 'uni006E', 'uni007B', 'uni007D', 'uni00A0']</msg>
<msg timestamp="20230602 15:53:50.392" level="INFO">Glyph IDs:   [0, 1, 2, 3, 544, 727, 1256, 1257, 1258, 1260, 1261, 1262, 1264, 1265, 1266, 1267, 1307, 1308]</msg>
<msg timestamp="20230602 15:53:50.393" level="INFO">Closed glyph list over 'glyf': 18 glyphs after</msg>
<msg timestamp="20230602 15:53:50.393" level="INFO">Glyph names: ['.notdef', '.null', 'uni0020', 'uni0030', 'uni0031', 'uni0032', 'uni0033', 'uni0034', 'uni0035', 'uni0036', 'uni0037', 'uni0038', 'uni0039', 'uni0062', 'uni006E', 'uni007B', 'uni007D', 'uni00A0']</msg>
<msg timestamp="20230602 15:53:50.394" level="INFO">Glyph IDs:   [0, 1, 2, 3, 544, 727, 1256, 1257, 1258, 1260, 1261, 1262, 1264, 1265, 1266, 1267, 1307, 1308]</msg>
<msg timestamp="20230602 15:53:50.395" level="INFO">Retaining 18 glyphs</msg>
<msg timestamp="20230602 15:53:50.395" level="INFO">head subsetting not needed</msg>
<msg timestamp="20230602 15:53:50.396" level="INFO">hhea subsetting not needed</msg>
<msg timestamp="20230602 15:53:50.396" level="INFO">maxp subsetting not needed</msg>
<msg timestamp="20230602 15:53:50.397" level="INFO">OS/2 subsetting not needed</msg>
<msg timestamp="20230602 15:53:50.402" level="INFO">hmtx subsetted</msg>
<msg timestamp="20230602 15:53:50.406" level="INFO">cmap subsetted</msg>
<msg timestamp="20230602 15:53:50.407" level="INFO">loca subsetting not needed</msg>
<msg timestamp="20230602 15:53:50.407" level="INFO">post subsetted</msg>
<msg timestamp="20230602 15:53:50.407" level="INFO">name subsetting not needed</msg>
<msg timestamp="20230602 15:53:50.410" level="INFO">glyf subsetted</msg>
<msg timestamp="20230602 15:53:50.411" level="INFO">head pruned</msg>
<msg timestamp="20230602 15:53:50.412" level="INFO">OS/2 Unicode ranges pruned: [0]</msg>
<msg timestamp="20230602 15:53:50.413" level="INFO">glyf pruned</msg>
<msg timestamp="20230602 15:53:50.482" level="INFO">${pdf} = None</msg>
<status status="PASS" starttime="20230602 15:53:49.682" endtime="20230602 15:53:50.482"/>
</kw>
<msg timestamp="20230602 15:53:50.483" level="INFO">${pdf} = receipts/20.pdf</msg>
<status status="PASS" starttime="20230602 15:53:49.622" endtime="20230602 15:53:50.483"/>
</kw>
<kw name="Embed the robot screenshot to the receipt PDF file">
<arg>${screenshot}</arg>
<arg>${pdf}</arg>
<arg>${order}</arg>
<kw name="Open Pdf" library="RPA.PDF">
<arg>${pdf}</arg>
<doc>Open a PDF document for reading.</doc>
<status status="PASS" starttime="20230602 15:53:50.486" endtime="20230602 15:53:50.564"/>
</kw>
<kw name="Add Watermark Image To Pdf" library="RPA.PDF">
<arg>image_path=${screenshot}</arg>
<arg>source_path=${pdf}</arg>
<arg>output_path=receipts/${order}[Order number].pdf</arg>
<doc>Add an image into an existing or new PDF.</doc>
<msg timestamp="20230602 15:53:50.640" level="WARN">Object 7 0 found</msg>
<msg timestamp="20230602 15:53:50.642" level="WARN">Overwriting cache for 0 7</msg>
<msg timestamp="20230602 15:53:50.648" level="WARN">Object 14 0 found</msg>
<msg timestamp="20230602 15:53:50.653" level="WARN">Overwriting cache for 0 14</msg>
<msg timestamp="20230602 15:53:50.661" level="WARN">Object 21 0 found</msg>
<msg timestamp="20230602 15:53:50.663" level="WARN">Overwriting cache for 0 21</msg>
<msg timestamp="20230602 15:53:50.670" level="WARN">Object 28 0 found</msg>
<msg timestamp="20230602 15:53:50.674" level="WARN">Overwriting cache for 0 28</msg>
<status status="PASS" starttime="20230602 15:53:50.564" endtime="20230602 15:53:50.696"/>
</kw>
<kw name="Close Pdf" library="RPA.PDF">
<doc>Close PDF file descriptor for a certain file.</doc>
<msg timestamp="20230602 15:53:50.698" level="INFO">Closing PDF document: E:\maa_code\RPA\certificat_niveau_2\receipts\20.pdf</msg>
<status status="PASS" starttime="20230602 15:53:50.697" endtime="20230602 15:53:50.698"/>
</kw>
<status status="PASS" starttime="20230602 15:53:50.484" endtime="20230602 15:53:50.699"/>
</kw>
<status status="PASS" starttime="20230602 15:53:44.441" endtime="20230602 15:53:50.700"/>
</kw>
<kw name="Order another Robot">
<kw name="Wait Until Element Is Visible" library="RPA.Browser.Selenium">
<arg>xpath:/html/body/div[1]/div/div[1]/div/div[1]/div/button</arg>
<doc>Waits until the element ``locator`` is visible.</doc>
<status status="PASS" starttime="20230602 15:53:50.703" endtime="20230602 15:53:50.742"/>
</kw>
<kw name="Click Element" library="RPA.Browser.Selenium">
<arg>xpath:/html/body/div[1]/div/div[1]/div/div[1]/div/button</arg>
<doc>Click the element identified by ``locator``.</doc>
<msg timestamp="20230602 15:53:50.743" level="INFO">Clicking element 'xpath:/html/body/div[1]/div/div[1]/div/div[1]/div/button'.</msg>
<status status="PASS" starttime="20230602 15:53:50.743" endtime="20230602 15:53:50.991"/>
</kw>
<status status="PASS" starttime="20230602 15:53:50.700" endtime="20230602 15:53:50.992"/>
</kw>
<status status="PASS" starttime="20230602 15:53:43.684" endtime="20230602 15:53:50.992"/>
</iter>
<status status="PASS" starttime="20230602 15:51:23.495" endtime="20230602 15:53:50.993"/>
</for>
<kw name="Archive output PDFs">
<kw name="Set Variable" library="BuiltIn">
<var>${zip_file_name}</var>
<arg>${OUTPUT_DIR}/PDFs.zip</arg>
<doc>Returns the given values which can then be assigned to a variables.</doc>
<msg timestamp="20230602 15:53:50.998" level="INFO">${zip_file_name} = E:\maa_code\RPA\certificat_niveau_2/PDFs.zip</msg>
<status status="PASS" starttime="20230602 15:53:50.996" endtime="20230602 15:53:50.998"/>
</kw>
<kw name="Archive Folder With Zip" library="RPA.Archive">
<arg>e:\\maa_code\\RPA\\certificat_niveau_2/receipts</arg>
<arg>${zip_file_name}</arg>
<doc>Create a zip archive of a folder</doc>
<status status="PASS" starttime="20230602 15:53:50.999" endtime="20230602 15:53:51.428"/>
</kw>
<status status="PASS" starttime="20230602 15:53:50.994" endtime="20230602 15:53:51.429"/>
</kw>
<status status="PASS" starttime="20230602 15:51:04.387" endtime="20230602 15:53:51.430"/>
</test>
<doc>Orders robots from RobotSpareBin Industries Inc.
Saves the order HTML receipt as a PDF file.
Saves the screenshot of the ordered robot.
Embeds the screenshot of the robot to the PDF receipt.
Creates ZIP archive of the receipts and the images.</doc>
<status status="PASS" starttime="20230602 15:50:57.938" endtime="20230602 15:53:51.434"/>
</suite>
<statistics>
<total>
<stat pass="1" fail="0" skip="0">All Tasks</stat>
</total>
<tag>
</tag>
<suite>
<stat pass="1" fail="0" skip="0" id="s1" name="Tasks">Tasks</stat>
</suite>
</statistics>
<errors>
<msg timestamp="20230602 15:51:30.772" level="WARN">Object 7 0 found</msg>
<msg timestamp="20230602 15:51:30.774" level="WARN">Overwriting cache for 0 7</msg>
<msg timestamp="20230602 15:51:30.780" level="WARN">Object 14 0 found</msg>
<msg timestamp="20230602 15:51:30.787" level="WARN">Overwriting cache for 0 14</msg>
<msg timestamp="20230602 15:51:30.796" level="WARN">Object 21 0 found</msg>
<msg timestamp="20230602 15:51:30.805" level="WARN">Overwriting cache for 0 21</msg>
<msg timestamp="20230602 15:51:30.811" level="WARN">Object 28 0 found</msg>
<msg timestamp="20230602 15:51:30.815" level="WARN">Overwriting cache for 0 28</msg>
<msg timestamp="20230602 15:51:38.374" level="WARN">Object 7 0 found</msg>
<msg timestamp="20230602 15:51:38.394" level="WARN">Overwriting cache for 0 7</msg>
<msg timestamp="20230602 15:51:38.461" level="WARN">Object 14 0 found</msg>
<msg timestamp="20230602 15:51:38.477" level="WARN">Overwriting cache for 0 14</msg>
<msg timestamp="20230602 15:51:38.542" level="WARN">Object 21 0 found</msg>
<msg timestamp="20230602 15:51:38.545" level="WARN">Overwriting cache for 0 21</msg>
<msg timestamp="20230602 15:51:38.625" level="WARN">Object 28 0 found</msg>
<msg timestamp="20230602 15:51:38.629" level="WARN">Overwriting cache for 0 28</msg>
<msg timestamp="20230602 15:51:45.983" level="WARN">Object 7 0 found</msg>
<msg timestamp="20230602 15:51:45.986" level="WARN">Overwriting cache for 0 7</msg>
<msg timestamp="20230602 15:51:45.993" level="WARN">Object 14 0 found</msg>
<msg timestamp="20230602 15:51:45.998" level="WARN">Overwriting cache for 0 14</msg>
<msg timestamp="20230602 15:51:46.007" level="WARN">Object 21 0 found</msg>
<msg timestamp="20230602 15:51:46.018" level="WARN">Overwriting cache for 0 21</msg>
<msg timestamp="20230602 15:51:46.025" level="WARN">Object 28 0 found</msg>
<msg timestamp="20230602 15:51:46.027" level="WARN">Overwriting cache for 0 28</msg>
<msg timestamp="20230602 15:51:53.262" level="WARN">Object 7 0 found</msg>
<msg timestamp="20230602 15:51:53.264" level="WARN">Overwriting cache for 0 7</msg>
<msg timestamp="20230602 15:51:53.268" level="WARN">Object 14 0 found</msg>
<msg timestamp="20230602 15:51:53.270" level="WARN">Overwriting cache for 0 14</msg>
<msg timestamp="20230602 15:51:53.275" level="WARN">Object 21 0 found</msg>
<msg timestamp="20230602 15:51:53.281" level="WARN">Overwriting cache for 0 21</msg>
<msg timestamp="20230602 15:51:53.286" level="WARN">Object 28 0 found</msg>
<msg timestamp="20230602 15:51:53.289" level="WARN">Overwriting cache for 0 28</msg>
<msg timestamp="20230602 15:52:00.518" level="WARN">Object 7 0 found</msg>
<msg timestamp="20230602 15:52:00.520" level="WARN">Overwriting cache for 0 7</msg>
<msg timestamp="20230602 15:52:00.529" level="WARN">Object 14 0 found</msg>
<msg timestamp="20230602 15:52:00.531" level="WARN">Overwriting cache for 0 14</msg>
<msg timestamp="20230602 15:52:00.536" level="WARN">Object 21 0 found</msg>
<msg timestamp="20230602 15:52:00.538" level="WARN">Overwriting cache for 0 21</msg>
<msg timestamp="20230602 15:52:00.550" level="WARN">Object 28 0 found</msg>
<msg timestamp="20230602 15:52:00.552" level="WARN">Overwriting cache for 0 28</msg>
<msg timestamp="20230602 15:52:08.006" level="WARN">Object 7 0 found</msg>
<msg timestamp="20230602 15:52:08.009" level="WARN">Overwriting cache for 0 7</msg>
<msg timestamp="20230602 15:52:08.014" level="WARN">Object 14 0 found</msg>
<msg timestamp="20230602 15:52:08.016" level="WARN">Overwriting cache for 0 14</msg>
<msg timestamp="20230602 15:52:08.022" level="WARN">Object 21 0 found</msg>
<msg timestamp="20230602 15:52:08.025" level="WARN">Overwriting cache for 0 21</msg>
<msg timestamp="20230602 15:52:08.030" level="WARN">Object 28 0 found</msg>
<msg timestamp="20230602 15:52:08.034" level="WARN">Overwriting cache for 0 28</msg>
<msg timestamp="20230602 15:52:15.308" level="WARN">Object 7 0 found</msg>
<msg timestamp="20230602 15:52:15.310" level="WARN">Overwriting cache for 0 7</msg>
<msg timestamp="20230602 15:52:15.314" level="WARN">Object 14 0 found</msg>
<msg timestamp="20230602 15:52:15.317" level="WARN">Overwriting cache for 0 14</msg>
<msg timestamp="20230602 15:52:15.325" level="WARN">Object 21 0 found</msg>
<msg timestamp="20230602 15:52:15.328" level="WARN">Overwriting cache for 0 21</msg>
<msg timestamp="20230602 15:52:15.341" level="WARN">Object 28 0 found</msg>
<msg timestamp="20230602 15:52:15.345" level="WARN">Overwriting cache for 0 28</msg>
<msg timestamp="20230602 15:52:22.604" level="WARN">Object 7 0 found</msg>
<msg timestamp="20230602 15:52:22.613" level="WARN">Overwriting cache for 0 7</msg>
<msg timestamp="20230602 15:52:22.622" level="WARN">Object 14 0 found</msg>
<msg timestamp="20230602 15:52:22.624" level="WARN">Overwriting cache for 0 14</msg>
<msg timestamp="20230602 15:52:22.628" level="WARN">Object 21 0 found</msg>
<msg timestamp="20230602 15:52:22.639" level="WARN">Overwriting cache for 0 21</msg>
<msg timestamp="20230602 15:52:22.645" level="WARN">Object 28 0 found</msg>
<msg timestamp="20230602 15:52:22.648" level="WARN">Overwriting cache for 0 28</msg>
<msg timestamp="20230602 15:52:29.750" level="WARN">Object 7 0 found</msg>
<msg timestamp="20230602 15:52:29.771" level="WARN">Overwriting cache for 0 7</msg>
<msg timestamp="20230602 15:52:29.778" level="WARN">Object 14 0 found</msg>
<msg timestamp="20230602 15:52:29.784" level="WARN">Overwriting cache for 0 14</msg>
<msg timestamp="20230602 15:52:29.790" level="WARN">Object 21 0 found</msg>
<msg timestamp="20230602 15:52:29.821" level="WARN">Overwriting cache for 0 21</msg>
<msg timestamp="20230602 15:52:29.826" level="WARN">Object 28 0 found</msg>
<msg timestamp="20230602 15:52:29.827" level="WARN">Overwriting cache for 0 28</msg>
<msg timestamp="20230602 15:52:36.994" level="WARN">Object 7 0 found</msg>
<msg timestamp="20230602 15:52:37.000" level="WARN">Overwriting cache for 0 7</msg>
<msg timestamp="20230602 15:52:37.005" level="WARN">Object 14 0 found</msg>
<msg timestamp="20230602 15:52:37.006" level="WARN">Overwriting cache for 0 14</msg>
<msg timestamp="20230602 15:52:37.018" level="WARN">Object 21 0 found</msg>
<msg timestamp="20230602 15:52:37.020" level="WARN">Overwriting cache for 0 21</msg>
<msg timestamp="20230602 15:52:37.025" level="WARN">Object 28 0 found</msg>
<msg timestamp="20230602 15:52:37.029" level="WARN">Overwriting cache for 0 28</msg>
<msg timestamp="20230602 15:52:44.144" level="WARN">Object 7 0 found</msg>
<msg timestamp="20230602 15:52:44.148" level="WARN">Overwriting cache for 0 7</msg>
<msg timestamp="20230602 15:52:44.153" level="WARN">Object 14 0 found</msg>
<msg timestamp="20230602 15:52:44.154" level="WARN">Overwriting cache for 0 14</msg>
<msg timestamp="20230602 15:52:44.162" level="WARN">Object 21 0 found</msg>
<msg timestamp="20230602 15:52:44.164" level="WARN">Overwriting cache for 0 21</msg>
<msg timestamp="20230602 15:52:44.171" level="WARN">Object 28 0 found</msg>
<msg timestamp="20230602 15:52:44.173" level="WARN">Overwriting cache for 0 28</msg>
<msg timestamp="20230602 15:52:51.725" level="WARN">Object 7 0 found</msg>
<msg timestamp="20230602 15:52:51.732" level="WARN">Overwriting cache for 0 7</msg>
<msg timestamp="20230602 15:52:51.737" level="WARN">Object 14 0 found</msg>
<msg timestamp="20230602 15:52:51.744" level="WARN">Overwriting cache for 0 14</msg>
<msg timestamp="20230602 15:52:51.749" level="WARN">Object 21 0 found</msg>
<msg timestamp="20230602 15:52:51.760" level="WARN">Overwriting cache for 0 21</msg>
<msg timestamp="20230602 15:52:51.765" level="WARN">Object 28 0 found</msg>
<msg timestamp="20230602 15:52:51.768" level="WARN">Overwriting cache for 0 28</msg>
<msg timestamp="20230602 15:52:58.939" level="WARN">Object 7 0 found</msg>
<msg timestamp="20230602 15:52:58.943" level="WARN">Overwriting cache for 0 7</msg>
<msg timestamp="20230602 15:52:58.951" level="WARN">Object 14 0 found</msg>
<msg timestamp="20230602 15:52:58.962" level="WARN">Overwriting cache for 0 14</msg>
<msg timestamp="20230602 15:52:58.968" level="WARN">Object 21 0 found</msg>
<msg timestamp="20230602 15:52:58.973" level="WARN">Overwriting cache for 0 21</msg>
<msg timestamp="20230602 15:52:58.978" level="WARN">Object 28 0 found</msg>
<msg timestamp="20230602 15:52:58.981" level="WARN">Overwriting cache for 0 28</msg>
<msg timestamp="20230602 15:53:06.110" level="WARN">Object 7 0 found</msg>
<msg timestamp="20230602 15:53:06.114" level="WARN">Overwriting cache for 0 7</msg>
<msg timestamp="20230602 15:53:06.121" level="WARN">Object 14 0 found</msg>
<msg timestamp="20230602 15:53:06.124" level="WARN">Overwriting cache for 0 14</msg>
<msg timestamp="20230602 15:53:06.130" level="WARN">Object 21 0 found</msg>
<msg timestamp="20230602 15:53:06.132" level="WARN">Overwriting cache for 0 21</msg>
<msg timestamp="20230602 15:53:06.139" level="WARN">Object 28 0 found</msg>
<msg timestamp="20230602 15:53:06.214" level="WARN">Overwriting cache for 0 28</msg>
<msg timestamp="20230602 15:53:13.509" level="WARN">Object 7 0 found</msg>
<msg timestamp="20230602 15:53:13.536" level="WARN">Overwriting cache for 0 7</msg>
<msg timestamp="20230602 15:53:13.542" level="WARN">Object 14 0 found</msg>
<msg timestamp="20230602 15:53:13.544" level="WARN">Overwriting cache for 0 14</msg>
<msg timestamp="20230602 15:53:13.586" level="WARN">Object 21 0 found</msg>
<msg timestamp="20230602 15:53:13.589" level="WARN">Overwriting cache for 0 21</msg>
<msg timestamp="20230602 15:53:13.595" level="WARN">Object 28 0 found</msg>
<msg timestamp="20230602 15:53:13.597" level="WARN">Overwriting cache for 0 28</msg>
<msg timestamp="20230602 15:53:21.397" level="WARN">Object 7 0 found</msg>
<msg timestamp="20230602 15:53:21.400" level="WARN">Overwriting cache for 0 7</msg>
<msg timestamp="20230602 15:53:21.405" level="WARN">Object 14 0 found</msg>
<msg timestamp="20230602 15:53:21.408" level="WARN">Overwriting cache for 0 14</msg>
<msg timestamp="20230602 15:53:21.415" level="WARN">Object 21 0 found</msg>
<msg timestamp="20230602 15:53:21.417" level="WARN">Overwriting cache for 0 21</msg>
<msg timestamp="20230602 15:53:21.421" level="WARN">Object 28 0 found</msg>
<msg timestamp="20230602 15:53:21.425" level="WARN">Overwriting cache for 0 28</msg>
<msg timestamp="20230602 15:53:28.636" level="WARN">Object 7 0 found</msg>
<msg timestamp="20230602 15:53:28.638" level="WARN">Overwriting cache for 0 7</msg>
<msg timestamp="20230602 15:53:28.642" level="WARN">Object 14 0 found</msg>
<msg timestamp="20230602 15:53:28.649" level="WARN">Overwriting cache for 0 14</msg>
<msg timestamp="20230602 15:53:28.655" level="WARN">Object 21 0 found</msg>
<msg timestamp="20230602 15:53:28.656" level="WARN">Overwriting cache for 0 21</msg>
<msg timestamp="20230602 15:53:28.662" level="WARN">Object 28 0 found</msg>
<msg timestamp="20230602 15:53:28.668" level="WARN">Overwriting cache for 0 28</msg>
<msg timestamp="20230602 15:53:36.018" level="WARN">Object 7 0 found</msg>
<msg timestamp="20230602 15:53:36.020" level="WARN">Overwriting cache for 0 7</msg>
<msg timestamp="20230602 15:53:36.027" level="WARN">Object 14 0 found</msg>
<msg timestamp="20230602 15:53:36.030" level="WARN">Overwriting cache for 0 14</msg>
<msg timestamp="20230602 15:53:36.036" level="WARN">Object 21 0 found</msg>
<msg timestamp="20230602 15:53:36.040" level="WARN">Overwriting cache for 0 21</msg>
<msg timestamp="20230602 15:53:36.053" level="WARN">Object 28 0 found</msg>
<msg timestamp="20230602 15:53:36.058" level="WARN">Overwriting cache for 0 28</msg>
<msg timestamp="20230602 15:53:43.213" level="WARN">Object 7 0 found</msg>
<msg timestamp="20230602 15:53:43.219" level="WARN">Overwriting cache for 0 7</msg>
<msg timestamp="20230602 15:53:43.232" level="WARN">Object 14 0 found</msg>
<msg timestamp="20230602 15:53:43.234" level="WARN">Overwriting cache for 0 14</msg>
<msg timestamp="20230602 15:53:43.240" level="WARN">Object 21 0 found</msg>
<msg timestamp="20230602 15:53:43.244" level="WARN">Overwriting cache for 0 21</msg>
<msg timestamp="20230602 15:53:43.251" level="WARN">Object 28 0 found</msg>
<msg timestamp="20230602 15:53:43.252" level="WARN">Overwriting cache for 0 28</msg>
<msg timestamp="20230602 15:53:50.640" level="WARN">Object 7 0 found</msg>
<msg timestamp="20230602 15:53:50.642" level="WARN">Overwriting cache for 0 7</msg>
<msg timestamp="20230602 15:53:50.648" level="WARN">Object 14 0 found</msg>
<msg timestamp="20230602 15:53:50.653" level="WARN">Overwriting cache for 0 14</msg>
<msg timestamp="20230602 15:53:50.661" level="WARN">Object 21 0 found</msg>
<msg timestamp="20230602 15:53:50.663" level="WARN">Overwriting cache for 0 21</msg>
<msg timestamp="20230602 15:53:50.670" level="WARN">Object 28 0 found</msg>
<msg timestamp="20230602 15:53:50.674" level="WARN">Overwriting cache for 0 28</msg>
</errors>
</robot>
